This file contains any messages produced by compilers while
running configure, to aid debugging if configure makes a mistake.

It was created by jansson configure 2.5, which was
generated by GNU Autoconf 2.69.  Invocation command line was

  $ ./configure --disable-option-checking --prefix=/usr/local --enable-icarus --cache-file=/dev/null --srcdir=.

## --------- ##
## Platform. ##
## --------- ##

hostname = raspberrypi
uname -m = armv6l
uname -r = 3.10.25+
uname -s = Linux
uname -v = #622 PREEMPT Fri Jan 3 18:41:00 GMT 2014

/usr/bin/uname -p = unknown
/bin/uname -X     = unknown

/bin/arch              = unknown
/usr/bin/arch -k       = unknown
/usr/convex/getsysinfo = unknown
/usr/bin/hostinfo      = unknown
/bin/machine           = unknown
/usr/bin/oslevel       = unknown
/bin/universe          = unknown

PATH: /root/bin
PATH: /usr/local/bin
PATH: /usr/local/sbin
PATH: /usr/local/bin
PATH: /usr/sbin
PATH: /usr/bin
PATH: /sbin
PATH: /bin
PATH: /usr/bin/X11


## ----------- ##
## Core tests. ##
## ----------- ##

configure:2334: checking for a BSD-compatible install
configure:2402: result: /usr/bin/install -c
configure:2413: checking whether build environment is sane
configure:2468: result: yes
configure:2619: checking for a thread-safe mkdir -p
configure:2658: result: /bin/mkdir -p
configure:2665: checking for gawk
configure:2695: result: no
configure:2665: checking for mawk
configure:2681: found /usr/bin/mawk
configure:2692: result: mawk
configure:2703: checking whether make sets $(MAKE)
configure:2725: result: yes
configure:2754: checking whether make supports nested variables
configure:2771: result: yes
configure:2866: checking whether make supports nested variables
configure:2883: result: yes
configure:2948: checking for gcc
configure:2964: found /usr/bin/gcc
configure:2975: result: gcc
configure:3204: checking for C compiler version
configure:3213: gcc --version >&5
gcc (Debian 4.6.3-14+rpi1) 4.6.3
Copyright (C) 2011 Free Software Foundation, Inc.
This is free software; see the source for copying conditions.  There is NO
warranty; not even for MERCHANTABILITY or FITNESS FOR A PARTICULAR PURPOSE.

configure:3224: $? = 0
configure:3213: gcc -v >&5
Using built-in specs.
COLLECT_GCC=gcc
COLLECT_LTO_WRAPPER=/usr/lib/gcc/arm-linux-gnueabihf/4.6/lto-wrapper
Target: arm-linux-gnueabihf
Configured with: ../src/configure -v --with-pkgversion='Debian 4.6.3-14+rpi1' --with-bugurl=file:///usr/share/doc/gcc-4.6/README.Bugs --enable-languages=c,c++,fortran,objc,obj-c++ --prefix=/usr --program-suffix=-4.6 --enable-shared --enable-linker-build-id --with-system-zlib --libexecdir=/usr/lib --without-included-gettext --enable-threads=posix --with-gxx-include-dir=/usr/include/c++/4.6 --libdir=/usr/lib --enable-nls --with-sysroot=/ --enable-clocale=gnu --enable-libstdcxx-debug --enable-libstdcxx-time=yes --enable-gnu-unique-object --enable-plugin --enable-objc-gc --disable-sjlj-exceptions --with-arch=armv6 --with-fpu=vfp --with-float=hard --enable-checking=release --build=arm-linux-gnueabihf --host=arm-linux-gnueabihf --target=arm-linux-gnueabihf
Thread model: posix
gcc version 4.6.3 (Debian 4.6.3-14+rpi1) 
configure:3224: $? = 0
configure:3213: gcc -V >&5
gcc: error: unrecognized option '-V'
gcc: fatal error: no input files
compilation terminated.
configure:3224: $? = 4
configure:3213: gcc -qversion >&5
gcc: error: unrecognized option '-qversion'
gcc: fatal error: no input files
compilation terminated.
configure:3224: $? = 4
configure:3244: checking whether the C compiler works
configure:3266: gcc    conftest.c  >&5
configure:3270: $? = 0
configure:3318: result: yes
configure:3321: checking for C compiler default output file name
configure:3323: result: a.out
configure:3329: checking for suffix of executables
configure:3336: gcc -o conftest    conftest.c  >&5
configure:3340: $? = 0
configure:3362: result: 
configure:3384: checking whether we are cross compiling
configure:3392: gcc -o conftest    conftest.c  >&5
configure:3396: $? = 0
configure:3403: ./conftest
configure:3407: $? = 0
configure:3422: result: no
configure:3427: checking for suffix of object files
configure:3449: gcc -c   conftest.c >&5
configure:3453: $? = 0
configure:3474: result: o
configure:3478: checking whether we are using the GNU C compiler
configure:3497: gcc -c   conftest.c >&5
configure:3497: $? = 0
configure:3506: result: yes
configure:3515: checking whether gcc accepts -g
configure:3535: gcc -c -g  conftest.c >&5
configure:3535: $? = 0
configure:3576: result: yes
configure:3593: checking for gcc option to accept ISO C89
configure:3656: gcc  -c -g -O2  conftest.c >&5
configure:3656: $? = 0
configure:3669: result: none needed
configure:3700: checking for style of include used by make
configure:3728: result: GNU
configure:3754: checking dependency style of gcc
configure:3865: result: gcc3
configure:3909: checking build system type
configure:3923: result: armv6l-unknown-linux-gnueabihf
configure:3943: checking host system type
configure:3956: result: armv6l-unknown-linux-gnueabihf
configure:3997: checking how to print strings
configure:4024: result: printf
configure:4045: checking for a sed that does not truncate output
configure:4109: result: /bin/sed
configure:4127: checking for grep that handles long lines and -e
configure:4185: result: /bin/grep
configure:4190: checking for egrep
configure:4252: result: /bin/grep -E
configure:4257: checking for fgrep
configure:4319: result: /bin/grep -F
configure:4354: checking for ld used by gcc
configure:4421: result: /usr/bin/ld
configure:4428: checking if the linker (/usr/bin/ld) is GNU ld
configure:4443: result: yes
configure:4455: checking for BSD- or MS-compatible name lister (nm)
configure:4504: result: /usr/bin/nm -B
configure:4634: checking the name lister (/usr/bin/nm -B) interface
configure:4641: gcc -c -g -O2  conftest.c >&5
configure:4644: /usr/bin/nm -B "conftest.o"
configure:4647: output
00000000 B some_variable
configure:4654: result: BSD nm
configure:4657: checking whether ln -s works
configure:4661: result: yes
configure:4669: checking the maximum length of command line arguments
configure:4800: result: 1572864
configure:4817: checking whether the shell understands some XSI constructs
configure:4827: result: yes
configure:4831: checking whether the shell understands "+="
configure:4837: result: yes
configure:4872: checking how to convert armv6l-unknown-linux-gnueabihf file names to armv6l-unknown-linux-gnueabihf format
configure:4912: result: func_convert_file_noop
configure:4919: checking how to convert armv6l-unknown-linux-gnueabihf file names to toolchain format
configure:4939: result: func_convert_file_noop
configure:4946: checking for /usr/bin/ld option to reload object files
configure:4953: result: -r
configure:5027: checking for objdump
configure:5043: found /usr/bin/objdump
configure:5054: result: objdump
configure:5086: checking how to recognize dependent libraries
configure:5284: result: pass_all
configure:5369: checking for dlltool
configure:5399: result: no
configure:5429: checking how to associate runtime and link libraries
configure:5456: result: printf %s\n
configure:5517: checking for ar
configure:5533: found /usr/bin/ar
configure:5544: result: ar
configure:5581: checking for archiver @FILE support
configure:5598: gcc -c -g -O2  conftest.c >&5
configure:5598: $? = 0
configure:5601: ar cru libconftest.a @conftest.lst >&5
configure:5604: $? = 0
configure:5609: ar cru libconftest.a @conftest.lst >&5
ar: conftest.o: No such file or directory
configure:5612: $? = 1
configure:5624: result: @
configure:5682: checking for strip
configure:5698: found /usr/bin/strip
configure:5709: result: strip
configure:5781: checking for ranlib
configure:5797: found /usr/bin/ranlib
configure:5808: result: ranlib
configure:5910: checking command to parse /usr/bin/nm -B output from gcc object
configure:6030: gcc -c -g -O2  conftest.c >&5
configure:6033: $? = 0
configure:6037: /usr/bin/nm -B conftest.o \| sed -n -e 's/^.*[ ]\([ABCDGIRSTW][ABCDGIRSTW]*\)[ ][ ]*\([_A-Za-z][_A-Za-z0-9]*\)$/\1 \2 \2/p' | sed '/ __gnu_lto/d' \> conftest.nm
configure:6040: $? = 0
configure:6106: gcc -o conftest -g -O2   conftest.c conftstm.o >&5
configure:6109: $? = 0
configure:6147: result: ok
configure:6184: checking for sysroot
configure:6214: result: no
configure:6477: checking for mt
configure:6493: found /bin/mt
configure:6504: result: mt
configure:6527: checking if mt is a manifest tool
configure:6533: mt '-?'
configure:6541: result: no
configure:7183: checking how to run the C preprocessor
configure:7214: gcc -E  conftest.c
configure:7214: $? = 0
configure:7228: gcc -E  conftest.c
conftest.c:11:28: fatal error: ac_nonexistent.h: No such file or directory
compilation terminated.
configure:7228: $? = 1
configure: failed program was:
| /* confdefs.h */
| #define PACKAGE_NAME "jansson"
| #define PACKAGE_TARNAME "jansson"
| #define PACKAGE_VERSION "2.5"
| #define PACKAGE_STRING "jansson 2.5"
| #define PACKAGE_BUGREPORT "petri@digip.org"
| #define PACKAGE_URL ""
| #define PACKAGE "jansson"
| #define VERSION "2.5"
| /* end confdefs.h.  */
| #include <ac_nonexistent.h>
configure:7253: result: gcc -E
configure:7273: gcc -E  conftest.c
configure:7273: $? = 0
configure:7287: gcc -E  conftest.c
conftest.c:11:28: fatal error: ac_nonexistent.h: No such file or directory
compilation terminated.
configure:7287: $? = 1
configure: failed program was:
| /* confdefs.h */
| #define PACKAGE_NAME "jansson"
| #define PACKAGE_TARNAME "jansson"
| #define PACKAGE_VERSION "2.5"
| #define PACKAGE_STRING "jansson 2.5"
| #define PACKAGE_BUGREPORT "petri@digip.org"
| #define PACKAGE_URL ""
| #define PACKAGE "jansson"
| #define VERSION "2.5"
| /* end confdefs.h.  */
| #include <ac_nonexistent.h>
configure:7316: checking for ANSI C header files
configure:7336: gcc -c -g -O2  conftest.c >&5
configure:7336: $? = 0
configure:7409: gcc -o conftest -g -O2   conftest.c  >&5
configure:7409: $? = 0
configure:7409: ./conftest
configure:7409: $? = 0
configure:7420: result: yes
configure:7433: checking for sys/types.h
configure:7433: gcc -c -g -O2  conftest.c >&5
configure:7433: $? = 0
configure:7433: result: yes
configure:7433: checking for sys/stat.h
configure:7433: gcc -c -g -O2  conftest.c >&5
configure:7433: $? = 0
configure:7433: result: yes
configure:7433: checking for stdlib.h
configure:7433: gcc -c -g -O2  conftest.c >&5
configure:7433: $? = 0
configure:7433: result: yes
configure:7433: checking for string.h
configure:7433: gcc -c -g -O2  conftest.c >&5
configure:7433: $? = 0
configure:7433: result: yes
configure:7433: checking for memory.h
configure:7433: gcc -c -g -O2  conftest.c >&5
configure:7433: $? = 0
configure:7433: result: yes
configure:7433: checking for strings.h
configure:7433: gcc -c -g -O2  conftest.c >&5
configure:7433: $? = 0
configure:7433: result: yes
configure:7433: checking for inttypes.h
configure:7433: gcc -c -g -O2  conftest.c >&5
configure:7433: $? = 0
configure:7433: result: yes
configure:7433: checking for stdint.h
configure:7433: gcc -c -g -O2  conftest.c >&5
configure:7433: $? = 0
configure:7433: result: yes
configure:7433: checking for unistd.h
configure:7433: gcc -c -g -O2  conftest.c >&5
configure:7433: $? = 0
configure:7433: result: yes
configure:7447: checking for dlfcn.h
configure:7447: gcc -c -g -O2  conftest.c >&5
configure:7447: $? = 0
configure:7447: result: yes
configure:7653: checking for objdir
configure:7668: result: .libs
configure:7939: checking if gcc supports -fno-rtti -fno-exceptions
configure:7957: gcc -c -g -O2  -fno-rtti -fno-exceptions conftest.c >&5
cc1: warning: command line option '-fno-rtti' is valid for C++/ObjC++ but not for C [enabled by default]
configure:7961: $? = 0
configure:7974: result: no
configure:8301: checking for gcc option to produce PIC
configure:8308: result: -fPIC -DPIC
configure:8316: checking if gcc PIC flag -fPIC -DPIC works
configure:8334: gcc -c -g -O2  -fPIC -DPIC -DPIC conftest.c >&5
configure:8338: $? = 0
configure:8351: result: yes
configure:8380: checking if gcc static flag -static works
configure:8408: result: yes
configure:8423: checking if gcc supports -c -o file.o
configure:8444: gcc -c -g -O2  -o out/conftest2.o conftest.c >&5
configure:8448: $? = 0
configure:8470: result: yes
configure:8478: checking if gcc supports -c -o file.o
configure:8525: result: yes
configure:8558: checking whether the gcc linker (/usr/bin/ld) supports shared libraries
configure:9715: result: yes
configure:9752: checking whether -lc should be explicitly linked in
configure:9760: gcc -c -g -O2  conftest.c >&5
configure:9763: $? = 0
configure:9778: gcc -shared  -fPIC -DPIC conftest.o  -v -Wl,-soname -Wl,conftest -o conftest 2\>\&1 \| /bin/grep  -lc  \>/dev/null 2\>\&1
configure:9781: $? = 0
configure:9795: result: no
configure:9955: checking dynamic linker characteristics
configure:10455: gcc -o conftest -g -O2   -Wl,-rpath -Wl,/foo conftest.c  >&5
configure:10455: $? = 0
configure:10689: result: GNU/Linux ld.so
configure:10796: checking how to hardcode library paths into programs
configure:10821: result: immediate
configure:11361: checking whether stripping libraries is possible
configure:11366: result: yes
configure:11401: checking if libtool supports shared libraries
configure:11403: result: yes
configure:11406: checking whether to build shared libraries
configure:11427: result: yes
configure:11430: checking whether to build static libraries
configure:11434: result: yes
configure:11485: checking locale.h usability
configure:11485: gcc -c -g -O2  conftest.c >&5
configure:11485: $? = 0
configure:11485: result: yes
configure:11485: checking locale.h presence
configure:11485: gcc -E  conftest.c
configure:11485: $? = 0
configure:11485: result: yes
configure:11485: checking for locale.h
configure:11485: result: yes
configure:11497: checking for int32_t
configure:11497: gcc -c -g -O2  conftest.c >&5
configure:11497: $? = 0
configure:11497: gcc -c -g -O2  conftest.c >&5
conftest.c: In function 'main':
conftest.c:62:53: warning: integer overflow in expression [-Woverflow]
conftest.c:61:12: error: storage size of 'test_array' isn't constant
configure:11497: $? = 1
configure: failed program was:
| /* confdefs.h */
| #define PACKAGE_NAME "jansson"
| #define PACKAGE_TARNAME "jansson"
| #define PACKAGE_VERSION "2.5"
| #define PACKAGE_STRING "jansson 2.5"
| #define PACKAGE_BUGREPORT "petri@digip.org"
| #define PACKAGE_URL ""
| #define PACKAGE "jansson"
| #define VERSION "2.5"
| #define STDC_HEADERS 1
| #define HAVE_SYS_TYPES_H 1
| #define HAVE_SYS_STAT_H 1
| #define HAVE_STDLIB_H 1
| #define HAVE_STRING_H 1
| #define HAVE_MEMORY_H 1
| #define HAVE_STRINGS_H 1
| #define HAVE_INTTYPES_H 1
| #define HAVE_STDINT_H 1
| #define HAVE_UNISTD_H 1
| #define HAVE_DLFCN_H 1
| #define LT_OBJDIR ".libs/"
| #define HAVE_LOCALE_H 1
| /* end confdefs.h.  */
| #include <stdio.h>
| #ifdef HAVE_SYS_TYPES_H
| # include <sys/types.h>
| #endif
| #ifdef HAVE_SYS_STAT_H
| # include <sys/stat.h>
| #endif
| #ifdef STDC_HEADERS
| # include <stdlib.h>
| # include <stddef.h>
| #else
| # ifdef HAVE_STDLIB_H
| #  include <stdlib.h>
| # endif
| #endif
| #ifdef HAVE_STRING_H
| # if !defined STDC_HEADERS && defined HAVE_MEMORY_H
| #  include <memory.h>
| # endif
| # include <string.h>
| #endif
| #ifdef HAVE_STRINGS_H
| # include <strings.h>
| #endif
| #ifdef HAVE_INTTYPES_H
| # include <inttypes.h>
| #endif
| #ifdef HAVE_STDINT_H
| # include <stdint.h>
| #endif
| #ifdef HAVE_UNISTD_H
| # include <unistd.h>
| #endif
| 	        enum { N = 32 / 2 - 1 };
| int
| main ()
| {
| static int test_array [1 - 2 * !((int32_t) (((((int32_t) 1 << N) << N) - 1) * 2 + 1)
| 		 < (int32_t) (((((int32_t) 1 << N) << N) - 1) * 2 + 2))];
| test_array [0] = 0;
| return test_array [0];
| 
|   ;
|   return 0;
| }
configure:11497: result: yes
configure:11509: checking for long long int
configure:11546: gcc -o conftest -g -O2   conftest.c  >&5
configure:11546: $? = 0
configure:11576: gcc -o conftest -g -O2   conftest.c  >&5
configure:11576: $? = 0
configure:11576: ./conftest
configure:11576: $? = 0
configure:11591: result: yes
configure:11600: checking for inline
configure:11616: gcc -c -g -O2  conftest.c >&5
configure:11616: $? = 0
configure:11624: result: inline
configure:11653: checking for strtoll
configure:11653: gcc -o conftest -g -O2   conftest.c  >&5
configure:11653: $? = 0
configure:11653: result: yes
configure:11653: checking for localeconv
configure:11653: gcc -o conftest -g -O2   conftest.c  >&5
configure:11653: $? = 0
configure:11653: result: yes
configure:11786: checking that generated files are newer than configure
configure:11792: result: done
configure:11819: creating ./config.status

## ---------------------- ##
## Running config.status. ##
## ---------------------- ##

This file was extended by jansson config.status 2.5, which was
generated by GNU Autoconf 2.69.  Invocation command line was

  CONFIG_FILES    = 
  CONFIG_HEADERS  = 
  CONFIG_LINKS    = 
  CONFIG_COMMANDS = 
  $ ./config.status 

on raspberrypi

config.status:1092: creating jansson.pc
config.status:1092: creating Makefile
config.status:1092: creating src/Makefile
config.status:1092: creating src/jansson_config.h
config.status:1092: creating config.h
config.status:1321: executing depfiles commands
config.status:1321: executing libtool commands

## ---------------- ##
## Cache variables. ##
## ---------------- ##

ac_cv_build=armv6l-unknown-linux-gnueabihf
ac_cv_c_compiler_gnu=yes
ac_cv_c_inline=inline
ac_cv_c_int32_t=yes
ac_cv_env_CC_set=
ac_cv_env_CC_value=
ac_cv_env_CFLAGS_set=
ac_cv_env_CFLAGS_value=
ac_cv_env_CPPFLAGS_set=
ac_cv_env_CPPFLAGS_value=
ac_cv_env_CPP_set=
ac_cv_env_CPP_value=
ac_cv_env_LDFLAGS_set=
ac_cv_env_LDFLAGS_value=
ac_cv_env_LIBS_set=
ac_cv_env_LIBS_value=
ac_cv_env_build_alias_set=
ac_cv_env_build_alias_value=
ac_cv_env_host_alias_set=
ac_cv_env_host_alias_value=
ac_cv_env_target_alias_set=
ac_cv_env_target_alias_value=
ac_cv_func_localeconv=yes
ac_cv_func_strtoll=yes
ac_cv_header_dlfcn_h=yes
ac_cv_header_inttypes_h=yes
ac_cv_header_locale_h=yes
ac_cv_header_memory_h=yes
ac_cv_header_stdc=yes
ac_cv_header_stdint_h=yes
ac_cv_header_stdlib_h=yes
ac_cv_header_string_h=yes
ac_cv_header_strings_h=yes
ac_cv_header_sys_stat_h=yes
ac_cv_header_sys_types_h=yes
ac_cv_header_unistd_h=yes
ac_cv_host=armv6l-unknown-linux-gnueabihf
ac_cv_objext=o
ac_cv_path_EGREP='/bin/grep -E'
ac_cv_path_FGREP='/bin/grep -F'
ac_cv_path_GREP=/bin/grep
ac_cv_path_SED=/bin/sed
ac_cv_path_install='/usr/bin/install -c'
ac_cv_path_mkdir=/bin/mkdir
ac_cv_prog_AWK=mawk
ac_cv_prog_CPP='gcc -E'
ac_cv_prog_ac_ct_AR=ar
ac_cv_prog_ac_ct_CC=gcc
ac_cv_prog_ac_ct_MANIFEST_TOOL=mt
ac_cv_prog_ac_ct_OBJDUMP=objdump
ac_cv_prog_ac_ct_RANLIB=ranlib
ac_cv_prog_ac_ct_STRIP=strip
ac_cv_prog_cc_c89=
ac_cv_prog_cc_g=yes
ac_cv_prog_make_make_set=yes
ac_cv_type_long_long_int=yes
am_cv_CC_dependencies_compiler_type=gcc3
am_cv_make_support_nested_variables=yes
lt_cv_ar_at_file=@
lt_cv_archive_cmds_need_lc=no
lt_cv_deplibs_check_method=pass_all
lt_cv_file_magic_cmd='$MAGIC_CMD'
lt_cv_file_magic_test_file=
lt_cv_ld_reload_flag=-r
lt_cv_nm_interface='BSD nm'
lt_cv_objdir=.libs
lt_cv_path_LD=/usr/bin/ld
lt_cv_path_NM='/usr/bin/nm -B'
lt_cv_path_mainfest_tool=no
lt_cv_prog_compiler_c_o=yes
lt_cv_prog_compiler_pic='-fPIC -DPIC'
lt_cv_prog_compiler_pic_works=yes
lt_cv_prog_compiler_rtti_exceptions=no
lt_cv_prog_compiler_static_works=yes
lt_cv_prog_gnu_ld=yes
lt_cv_sharedlib_from_linklib_cmd='printf %s\n'
lt_cv_shlibpath_overrides_runpath=no
lt_cv_sys_global_symbol_pipe='sed -n -e '\''s/^.*[	 ]\([ABCDGIRSTW][ABCDGIRSTW]*\)[	 ][	 ]*\([_A-Za-z][_A-Za-z0-9]*\)$/\1 \2 \2/p'\'' | sed '\''/ __gnu_lto/d'\'''
lt_cv_sys_global_symbol_to_c_name_address='sed -n -e '\''s/^: \([^ ]*\)[ ]*$/  {\"\1\", (void *) 0},/p'\'' -e '\''s/^[ABCDGIRSTW]* \([^ ]*\) \([^ ]*\)$/  {"\2", (void *) \&\2},/p'\'''
lt_cv_sys_global_symbol_to_c_name_address_lib_prefix='sed -n -e '\''s/^: \([^ ]*\)[ ]*$/  {\"\1\", (void *) 0},/p'\'' -e '\''s/^[ABCDGIRSTW]* \([^ ]*\) \(lib[^ ]*\)$/  {"\2", (void *) \&\2},/p'\'' -e '\''s/^[ABCDGIRSTW]* \([^ ]*\) \([^ ]*\)$/  {"lib\2", (void *) \&\2},/p'\'''
lt_cv_sys_global_symbol_to_cdecl='sed -n -e '\''s/^T .* \(.*\)$/extern int \1();/p'\'' -e '\''s/^[ABCDGIRSTW]* .* \(.*\)$/extern char \1;/p'\'''
lt_cv_sys_max_cmd_len=1572864
lt_cv_to_host_file_cmd=func_convert_file_noop
lt_cv_to_tool_file_cmd=func_convert_file_noop

## ----------------- ##
## Output variables. ##
## ----------------- ##

ACLOCAL='${SHELL} /home/pi/cgminer-4.3.3/compat/jansson-2.5/missing aclocal-1.13'
AMDEPBACKSLASH='\'
AMDEP_FALSE='#'
AMDEP_TRUE=''
AMTAR='$${TAR-tar}'
AM_BACKSLASH='\'
AM_DEFAULT_V='$(AM_DEFAULT_VERBOSITY)'
AM_DEFAULT_VERBOSITY='0'
AM_V='$(V)'
AR='ar'
AUTOCONF='${SHELL} /home/pi/cgminer-4.3.3/compat/jansson-2.5/missing autoconf'
AUTOHEADER='${SHELL} /home/pi/cgminer-4.3.3/compat/jansson-2.5/missing autoheader'
AUTOMAKE='${SHELL} /home/pi/cgminer-4.3.3/compat/jansson-2.5/missing automake-1.13'
AWK='mawk'
CC='gcc'
CCDEPMODE='depmode=gcc3'
CFLAGS='-g -O2'
CPP='gcc -E'
CPPFLAGS=''
CYGPATH_W='echo'
DEFS='-DHAVE_CONFIG_H'
DEPDIR='.deps'
DLLTOOL='false'
DSYMUTIL=''
DUMPBIN=''
ECHO_C=''
ECHO_N='-n'
ECHO_T=''
EGREP='/bin/grep -E'
EXEEXT=''
FGREP='/bin/grep -F'
GCC_FALSE='#'
GCC_TRUE=''
GREP='/bin/grep'
INSTALL_DATA='${INSTALL} -m 644'
INSTALL_PROGRAM='${INSTALL}'
INSTALL_SCRIPT='${INSTALL}'
INSTALL_STRIP_PROGRAM='$(install_sh) -c -s'
LD='/usr/bin/ld'
LDFLAGS=''
LIBOBJS=''
LIBS=''
LIBTOOL='$(SHELL) $(top_builddir)/libtool'
LIPO=''
LN_S='ln -s'
LTLIBOBJS=''
MAKEINFO='${SHELL} /home/pi/cgminer-4.3.3/compat/jansson-2.5/missing makeinfo'
MANIFEST_TOOL=':'
MKDIR_P='/bin/mkdir -p'
NM='/usr/bin/nm -B'
NMEDIT=''
OBJDUMP='objdump'
OBJEXT='o'
OTOOL64=''
OTOOL=''
PACKAGE='jansson'
PACKAGE_BUGREPORT='petri@digip.org'
PACKAGE_NAME='jansson'
PACKAGE_STRING='jansson 2.5'
PACKAGE_TARNAME='jansson'
PACKAGE_URL=''
PACKAGE_VERSION='2.5'
PATH_SEPARATOR=':'
RANLIB='ranlib'
SED='/bin/sed'
SET_MAKE=''
SHELL='/bin/bash'
STRIP='strip'
VERSION='2.5'
ac_ct_AR='ar'
ac_ct_CC='gcc'
ac_ct_DUMPBIN=''
am__EXEEXT_FALSE=''
am__EXEEXT_TRUE='#'
am__fastdepCC_FALSE='#'
am__fastdepCC_TRUE=''
am__include='include'
am__isrc=''
am__leading_dot='.'
am__nodep='_no'
am__quote=''
am__tar='$${TAR-tar} chof - "$$tardir"'
am__untar='$${TAR-tar} xf -'
bindir='${exec_prefix}/bin'
build='armv6l-unknown-linux-gnueabihf'
build_alias=''
build_cpu='armv6l'
build_os='linux-gnueabihf'
build_vendor='unknown'
datadir='${datarootdir}'
datarootdir='${prefix}/share'
docdir='${datarootdir}/doc/${PACKAGE_TARNAME}'
dvidir='${docdir}'
exec_prefix='${prefix}'
host='armv6l-unknown-linux-gnueabihf'
host_alias=''
host_cpu='armv6l'
host_os='linux-gnueabihf'
host_vendor='unknown'
htmldir='${docdir}'
includedir='${prefix}/include'
infodir='${datarootdir}/info'
install_sh='${SHELL} /home/pi/cgminer-4.3.3/compat/jansson-2.5/install-sh'
json_have_localeconv='1'
json_have_long_long='1'
json_inline='inline'
libdir='${exec_prefix}/lib'
libexecdir='${exec_prefix}/libexec'
localedir='${datarootdir}/locale'
localstatedir='${prefix}/var'
mandir='${datarootdir}/man'
mkdir_p='$(MKDIR_P)'
oldincludedir='/usr/include'
pdfdir='${docdir}'
prefix='/usr/local'
program_transform_name='s,x,x,'
psdir='${docdir}'
sbindir='${exec_prefix}/sbin'
sharedstatedir='${prefix}/com'
sysconfdir='${prefix}/etc'
target_alias=''

## ----------- ##
## confdefs.h. ##
## ----------- ##

/* confdefs.h */
#define PACKAGE_NAME "jansson"
#define PACKAGE_TARNAME "jansson"
#define PACKAGE_VERSION "2.5"
#define PACKAGE_STRING "jansson 2.5"
#define PACKAGE_BUGREPORT "petri@digip.org"
#define PACKAGE_URL ""
#define PACKAGE "jansson"
#define VERSION "2.5"
#define STDC_HEADERS 1
#define HAVE_SYS_TYPES_H 1
#define HAVE_SYS_STAT_H 1
#define HAVE_STDLIB_H 1
#define HAVE_STRING_H 1
#define HAVE_MEMORY_H 1
#define HAVE_STRINGS_H 1
#define HAVE_INTTYPES_H 1
#define HAVE_STDINT_H 1
#define HAVE_UNISTD_H 1
#define HAVE_DLFCN_H 1
#define LT_OBJDIR ".libs/"
#define HAVE_LOCALE_H 1
#define HAVE_LONG_LONG_INT 1
#define HAVE_STRTOLL 1
#define HAVE_LOCALECONV 1

configure: exit 0
