This file contains any messages produced by compilers while
running configure, to aid debugging if configure makes a mistake.

It was created by cgminer configure 4.3.3, which was
generated by GNU Autoconf 2.69.  Invocation command line was

  $ ./configure --enable-icarus

## --------- ##
## Platform. ##
## --------- ##

hostname = raspberrypi
uname -m = armv6l
uname -r = 3.10.25+
uname -s = Linux
uname -v = #622 PREEMPT Fri Jan 3 18:41:00 GMT 2014

/usr/bin/uname -p = unknown
/bin/uname -X     = unknown

/bin/arch              = unknown
/usr/bin/arch -k       = unknown
/usr/convex/getsysinfo = unknown
/usr/bin/hostinfo      = unknown
/bin/machine           = unknown
/usr/bin/oslevel       = unknown
/bin/universe          = unknown

PATH: /root/bin
PATH: /usr/local/bin
PATH: /usr/local/sbin
PATH: /usr/local/bin
PATH: /usr/sbin
PATH: /usr/bin
PATH: /sbin
PATH: /bin
PATH: /usr/bin/X11


## ----------- ##
## Core tests. ##
## ----------- ##

configure:2871: checking build system type
configure:2885: result: armv6l-unknown-linux-gnueabihf
configure:2905: checking host system type
configure:2918: result: armv6l-unknown-linux-gnueabihf
configure:2938: checking target system type
configure:2951: result: armv6l-unknown-linux-gnueabihf
configure:2999: checking for a BSD-compatible install
configure:3067: result: /usr/bin/install -c
configure:3078: checking whether build environment is sane
configure:3133: result: yes
configure:3284: checking for a thread-safe mkdir -p
configure:3323: result: /bin/mkdir -p
configure:3331: checking for gawk
configure:3361: result: no
configure:3331: checking for mawk
configure:3347: found /usr/bin/mawk
configure:3358: result: mawk
configure:3369: checking whether make sets $(MAKE)
configure:3391: result: yes
configure:3420: checking whether make supports nested variables
configure:3437: result: yes
configure:3532: checking whether make supports nested variables
configure:3549: result: yes
configure:3572: checking for style of include used by make
configure:3600: result: GNU
configure:3671: checking for gcc
configure:3687: found /usr/bin/gcc
configure:3698: result: gcc
configure:3927: checking for C compiler version
configure:3936: gcc --version >&5
gcc (Debian 4.6.3-14+rpi1) 4.6.3
Copyright (C) 2011 Free Software Foundation, Inc.
This is free software; see the source for copying conditions.  There is NO
warranty; not even for MERCHANTABILITY or FITNESS FOR A PARTICULAR PURPOSE.

configure:3947: $? = 0
configure:3936: gcc -v >&5
Using built-in specs.
COLLECT_GCC=gcc
COLLECT_LTO_WRAPPER=/usr/lib/gcc/arm-linux-gnueabihf/4.6/lto-wrapper
Target: arm-linux-gnueabihf
Configured with: ../src/configure -v --with-pkgversion='Debian 4.6.3-14+rpi1' --with-bugurl=file:///usr/share/doc/gcc-4.6/README.Bugs --enable-languages=c,c++,fortran,objc,obj-c++ --prefix=/usr --program-suffix=-4.6 --enable-shared --enable-linker-build-id --with-system-zlib --libexecdir=/usr/lib --without-included-gettext --enable-threads=posix --with-gxx-include-dir=/usr/include/c++/4.6 --libdir=/usr/lib --enable-nls --with-sysroot=/ --enable-clocale=gnu --enable-libstdcxx-debug --enable-libstdcxx-time=yes --enable-gnu-unique-object --enable-plugin --enable-objc-gc --disable-sjlj-exceptions --with-arch=armv6 --with-fpu=vfp --with-float=hard --enable-checking=release --build=arm-linux-gnueabihf --host=arm-linux-gnueabihf --target=arm-linux-gnueabihf
Thread model: posix
gcc version 4.6.3 (Debian 4.6.3-14+rpi1) 
configure:3947: $? = 0
configure:3936: gcc -V >&5
gcc: error: unrecognized option '-V'
gcc: fatal error: no input files
compilation terminated.
configure:3947: $? = 4
configure:3936: gcc -qversion >&5
gcc: error: unrecognized option '-qversion'
gcc: fatal error: no input files
compilation terminated.
configure:3947: $? = 4
configure:3967: checking whether the C compiler works
configure:3989: gcc    conftest.c  >&5
configure:3993: $? = 0
configure:4041: result: yes
configure:4044: checking for C compiler default output file name
configure:4046: result: a.out
configure:4052: checking for suffix of executables
configure:4059: gcc -o conftest    conftest.c  >&5
configure:4063: $? = 0
configure:4085: result: 
configure:4107: checking whether we are cross compiling
configure:4115: gcc -o conftest    conftest.c  >&5
configure:4119: $? = 0
configure:4126: ./conftest
configure:4130: $? = 0
configure:4145: result: no
configure:4150: checking for suffix of object files
configure:4172: gcc -c   conftest.c >&5
configure:4176: $? = 0
configure:4197: result: o
configure:4201: checking whether we are using the GNU C compiler
configure:4220: gcc -c   conftest.c >&5
configure:4220: $? = 0
configure:4229: result: yes
configure:4238: checking whether gcc accepts -g
configure:4258: gcc -c -g  conftest.c >&5
configure:4258: $? = 0
configure:4299: result: yes
configure:4316: checking for gcc option to accept ISO C89
configure:4379: gcc  -c -g -O2  conftest.c >&5
configure:4379: $? = 0
configure:4392: result: none needed
configure:4414: checking dependency style of gcc
configure:4525: result: gcc3
configure:4546: checking how to run the C preprocessor
configure:4577: gcc -E  conftest.c
configure:4577: $? = 0
configure:4591: gcc -E  conftest.c
conftest.c:11:28: fatal error: ac_nonexistent.h: No such file or directory
compilation terminated.
configure:4591: $? = 1
configure: failed program was:
| /* confdefs.h */
| #define PACKAGE_NAME "cgminer"
| #define PACKAGE_TARNAME "cgminer"
| #define PACKAGE_VERSION "4.3.3"
| #define PACKAGE_STRING "cgminer 4.3.3"
| #define PACKAGE_BUGREPORT "kernel@kolivas.org"
| #define PACKAGE_URL ""
| #define PACKAGE "cgminer"
| #define VERSION "4.3.3"
| /* end confdefs.h.  */
| #include <ac_nonexistent.h>
configure:4616: result: gcc -E
configure:4636: gcc -E  conftest.c
configure:4636: $? = 0
configure:4650: gcc -E  conftest.c
conftest.c:11:28: fatal error: ac_nonexistent.h: No such file or directory
compilation terminated.
configure:4650: $? = 1
configure: failed program was:
| /* confdefs.h */
| #define PACKAGE_NAME "cgminer"
| #define PACKAGE_TARNAME "cgminer"
| #define PACKAGE_VERSION "4.3.3"
| #define PACKAGE_STRING "cgminer 4.3.3"
| #define PACKAGE_BUGREPORT "kernel@kolivas.org"
| #define PACKAGE_URL ""
| #define PACKAGE "cgminer"
| #define VERSION "4.3.3"
| /* end confdefs.h.  */
| #include <ac_nonexistent.h>
configure:4679: checking for grep that handles long lines and -e
configure:4737: result: /bin/grep
configure:4742: checking for egrep
configure:4804: result: /bin/grep -E
configure:4809: checking for ANSI C header files
configure:4829: gcc -c -g -O2  conftest.c >&5
configure:4829: $? = 0
configure:4902: gcc -o conftest -g -O2   conftest.c  >&5
configure:4902: $? = 0
configure:4902: ./conftest
configure:4902: $? = 0
configure:4913: result: yes
configure:4926: checking for sys/types.h
configure:4926: gcc -c -g -O2  conftest.c >&5
configure:4926: $? = 0
configure:4926: result: yes
configure:4926: checking for sys/stat.h
configure:4926: gcc -c -g -O2  conftest.c >&5
configure:4926: $? = 0
configure:4926: result: yes
configure:4926: checking for stdlib.h
configure:4926: gcc -c -g -O2  conftest.c >&5
configure:4926: $? = 0
configure:4926: result: yes
configure:4926: checking for string.h
configure:4926: gcc -c -g -O2  conftest.c >&5
configure:4926: $? = 0
configure:4926: result: yes
configure:4926: checking for memory.h
configure:4926: gcc -c -g -O2  conftest.c >&5
configure:4926: $? = 0
configure:4926: result: yes
configure:4926: checking for strings.h
configure:4926: gcc -c -g -O2  conftest.c >&5
configure:4926: $? = 0
configure:4926: result: yes
configure:4926: checking for inttypes.h
configure:4926: gcc -c -g -O2  conftest.c >&5
configure:4926: $? = 0
configure:4926: result: yes
configure:4926: checking for stdint.h
configure:4926: gcc -c -g -O2  conftest.c >&5
configure:4926: $? = 0
configure:4926: result: yes
configure:4926: checking for unistd.h
configure:4926: gcc -c -g -O2  conftest.c >&5
configure:4926: $? = 0
configure:4926: result: yes
configure:4941: checking minix/config.h usability
configure:4941: gcc -c -g -O2  conftest.c >&5
conftest.c:54:26: fatal error: minix/config.h: No such file or directory
compilation terminated.
configure:4941: $? = 1
configure: failed program was:
| /* confdefs.h */
| #define PACKAGE_NAME "cgminer"
| #define PACKAGE_TARNAME "cgminer"
| #define PACKAGE_VERSION "4.3.3"
| #define PACKAGE_STRING "cgminer 4.3.3"
| #define PACKAGE_BUGREPORT "kernel@kolivas.org"
| #define PACKAGE_URL ""
| #define PACKAGE "cgminer"
| #define VERSION "4.3.3"
| #define STDC_HEADERS 1
| #define HAVE_SYS_TYPES_H 1
| #define HAVE_SYS_STAT_H 1
| #define HAVE_STDLIB_H 1
| #define HAVE_STRING_H 1
| #define HAVE_MEMORY_H 1
| #define HAVE_STRINGS_H 1
| #define HAVE_INTTYPES_H 1
| #define HAVE_STDINT_H 1
| #define HAVE_UNISTD_H 1
| /* end confdefs.h.  */
| #include <stdio.h>
| #ifdef HAVE_SYS_TYPES_H
| # include <sys/types.h>
| #endif
| #ifdef HAVE_SYS_STAT_H
| # include <sys/stat.h>
| #endif
| #ifdef STDC_HEADERS
| # include <stdlib.h>
| # include <stddef.h>
| #else
| # ifdef HAVE_STDLIB_H
| #  include <stdlib.h>
| # endif
| #endif
| #ifdef HAVE_STRING_H
| # if !defined STDC_HEADERS && defined HAVE_MEMORY_H
| #  include <memory.h>
| # endif
| # include <string.h>
| #endif
| #ifdef HAVE_STRINGS_H
| # include <strings.h>
| #endif
| #ifdef HAVE_INTTYPES_H
| # include <inttypes.h>
| #endif
| #ifdef HAVE_STDINT_H
| # include <stdint.h>
| #endif
| #ifdef HAVE_UNISTD_H
| # include <unistd.h>
| #endif
| #include <minix/config.h>
configure:4941: result: no
configure:4941: checking minix/config.h presence
configure:4941: gcc -E  conftest.c
conftest.c:21:26: fatal error: minix/config.h: No such file or directory
compilation terminated.
configure:4941: $? = 1
configure: failed program was:
| /* confdefs.h */
| #define PACKAGE_NAME "cgminer"
| #define PACKAGE_TARNAME "cgminer"
| #define PACKAGE_VERSION "4.3.3"
| #define PACKAGE_STRING "cgminer 4.3.3"
| #define PACKAGE_BUGREPORT "kernel@kolivas.org"
| #define PACKAGE_URL ""
| #define PACKAGE "cgminer"
| #define VERSION "4.3.3"
| #define STDC_HEADERS 1
| #define HAVE_SYS_TYPES_H 1
| #define HAVE_SYS_STAT_H 1
| #define HAVE_STDLIB_H 1
| #define HAVE_STRING_H 1
| #define HAVE_MEMORY_H 1
| #define HAVE_STRINGS_H 1
| #define HAVE_INTTYPES_H 1
| #define HAVE_STDINT_H 1
| #define HAVE_UNISTD_H 1
| /* end confdefs.h.  */
| #include <minix/config.h>
configure:4941: result: no
configure:4941: checking for minix/config.h
configure:4941: result: no
configure:4970: checking whether it is safe to define __EXTENSIONS__
configure:4988: gcc -c -g -O2  conftest.c >&5
configure:4988: $? = 0
configure:4995: result: yes
configure:5042: checking whether to enable maintainer-specific portions of Makefiles
configure:5051: result: no
configure:5113: checking for gcc
configure:5140: result: gcc
configure:5369: checking for C compiler version
configure:5378: gcc --version >&5
gcc (Debian 4.6.3-14+rpi1) 4.6.3
Copyright (C) 2011 Free Software Foundation, Inc.
This is free software; see the source for copying conditions.  There is NO
warranty; not even for MERCHANTABILITY or FITNESS FOR A PARTICULAR PURPOSE.

configure:5389: $? = 0
configure:5378: gcc -v >&5
Using built-in specs.
COLLECT_GCC=gcc
COLLECT_LTO_WRAPPER=/usr/lib/gcc/arm-linux-gnueabihf/4.6/lto-wrapper
Target: arm-linux-gnueabihf
Configured with: ../src/configure -v --with-pkgversion='Debian 4.6.3-14+rpi1' --with-bugurl=file:///usr/share/doc/gcc-4.6/README.Bugs --enable-languages=c,c++,fortran,objc,obj-c++ --prefix=/usr --program-suffix=-4.6 --enable-shared --enable-linker-build-id --with-system-zlib --libexecdir=/usr/lib --without-included-gettext --enable-threads=posix --with-gxx-include-dir=/usr/include/c++/4.6 --libdir=/usr/lib --enable-nls --with-sysroot=/ --enable-clocale=gnu --enable-libstdcxx-debug --enable-libstdcxx-time=yes --enable-gnu-unique-object --enable-plugin --enable-objc-gc --disable-sjlj-exceptions --with-arch=armv6 --with-fpu=vfp --with-float=hard --enable-checking=release --build=arm-linux-gnueabihf --host=arm-linux-gnueabihf --target=arm-linux-gnueabihf
Thread model: posix
gcc version 4.6.3 (Debian 4.6.3-14+rpi1) 
configure:5389: $? = 0
configure:5378: gcc -V >&5
gcc: error: unrecognized option '-V'
gcc: fatal error: no input files
compilation terminated.
configure:5389: $? = 4
configure:5378: gcc -qversion >&5
gcc: error: unrecognized option '-qversion'
gcc: fatal error: no input files
compilation terminated.
configure:5389: $? = 4
configure:5393: checking whether we are using the GNU C compiler
configure:5421: result: yes
configure:5430: checking whether gcc accepts -g
configure:5491: result: yes
configure:5508: checking for gcc option to accept ISO C89
configure:5584: result: none needed
configure:5606: checking dependency style of gcc
configure:5717: result: gcc3
configure:5775: checking for ranlib
configure:5791: found /usr/bin/ranlib
configure:5802: result: ranlib
configure:5850: checking whether gcc needs -traditional
configure:5884: result: no
configure:5892: checking whether gcc and cc understand -c and -o together
configure:5923: gcc -c conftest.c -o conftest2.o >&5
configure:5927: $? = 0
configure:5933: gcc -c conftest.c -o conftest2.o >&5
configure:5937: $? = 0
configure:5948: cc -c conftest.c >&5
configure:5952: $? = 0
configure:5960: cc -c conftest.c -o conftest2.o >&5
configure:5964: $? = 0
configure:5970: cc -c conftest.c -o conftest2.o >&5
configure:5974: $? = 0
configure:5992: result: yes
configure:6063: checking how to print strings
configure:6090: result: printf
configure:6111: checking for a sed that does not truncate output
configure:6175: result: /bin/sed
configure:6193: checking for fgrep
configure:6255: result: /bin/grep -F
configure:6290: checking for ld used by gcc
configure:6357: result: /usr/bin/ld
configure:6364: checking if the linker (/usr/bin/ld) is GNU ld
configure:6379: result: yes
configure:6391: checking for BSD- or MS-compatible name lister (nm)
configure:6440: result: /usr/bin/nm -B
configure:6570: checking the name lister (/usr/bin/nm -B) interface
configure:6577: gcc -c -g -O2  conftest.c >&5
configure:6580: /usr/bin/nm -B "conftest.o"
configure:6583: output
00000000 B some_variable
configure:6590: result: BSD nm
configure:6593: checking whether ln -s works
configure:6597: result: yes
configure:6605: checking the maximum length of command line arguments
configure:6736: result: 1572864
configure:6753: checking whether the shell understands some XSI constructs
configure:6763: result: yes
configure:6767: checking whether the shell understands "+="
configure:6773: result: yes
configure:6808: checking how to convert armv6l-unknown-linux-gnueabihf file names to armv6l-unknown-linux-gnueabihf format
configure:6848: result: func_convert_file_noop
configure:6855: checking how to convert armv6l-unknown-linux-gnueabihf file names to toolchain format
configure:6875: result: func_convert_file_noop
configure:6882: checking for /usr/bin/ld option to reload object files
configure:6889: result: -r
configure:6963: checking for objdump
configure:6979: found /usr/bin/objdump
configure:6990: result: objdump
configure:7022: checking how to recognize dependent libraries
configure:7220: result: pass_all
configure:7305: checking for dlltool
configure:7335: result: no
configure:7365: checking how to associate runtime and link libraries
configure:7392: result: printf %s\n
configure:7452: checking for ar
configure:7468: found /usr/bin/ar
configure:7479: result: ar
configure:7516: checking for archiver @FILE support
configure:7533: gcc -c -g -O2  conftest.c >&5
configure:7533: $? = 0
configure:7536: ar cru libconftest.a @conftest.lst >&5
configure:7539: $? = 0
configure:7544: ar cru libconftest.a @conftest.lst >&5
ar: conftest.o: No such file or directory
configure:7547: $? = 1
configure:7559: result: @
configure:7617: checking for strip
configure:7633: found /usr/bin/strip
configure:7644: result: strip
configure:7716: checking for ranlib
configure:7743: result: ranlib
configure:7845: checking command to parse /usr/bin/nm -B output from gcc object
configure:7965: gcc -c -g -O2  conftest.c >&5
configure:7968: $? = 0
configure:7972: /usr/bin/nm -B conftest.o \| sed -n -e 's/^.*[ ]\([ABCDGIRSTW][ABCDGIRSTW]*\)[ ][ ]*\([_A-Za-z][_A-Za-z0-9]*\)$/\1 \2 \2/p' | sed '/ __gnu_lto/d' \> conftest.nm
configure:7975: $? = 0
configure:8041: gcc -o conftest -g -O2   conftest.c conftstm.o >&5
configure:8044: $? = 0
configure:8082: result: ok
configure:8119: checking for sysroot
configure:8149: result: no
configure:8412: checking for mt
configure:8428: found /bin/mt
configure:8439: result: mt
configure:8462: checking if mt is a manifest tool
configure:8468: mt '-?'
configure:8476: result: no
configure:9115: checking for dlfcn.h
configure:9115: gcc -c -g -O2  conftest.c >&5
configure:9115: $? = 0
configure:9115: result: yes
configure:9320: checking for objdir
configure:9335: result: .libs
configure:9606: checking if gcc supports -fno-rtti -fno-exceptions
configure:9624: gcc -c -g -O2  -fno-rtti -fno-exceptions conftest.c >&5
cc1: warning: command line option '-fno-rtti' is valid for C++/ObjC++ but not for C [enabled by default]
configure:9628: $? = 0
configure:9641: result: no
configure:9968: checking for gcc option to produce PIC
configure:9975: result: -fPIC -DPIC
configure:9983: checking if gcc PIC flag -fPIC -DPIC works
configure:10001: gcc -c -g -O2  -fPIC -DPIC -DPIC conftest.c >&5
configure:10005: $? = 0
configure:10018: result: yes
configure:10047: checking if gcc static flag -static works
configure:10075: result: yes
configure:10090: checking if gcc supports -c -o file.o
configure:10111: gcc -c -g -O2  -o out/conftest2.o conftest.c >&5
configure:10115: $? = 0
configure:10137: result: yes
configure:10145: checking if gcc supports -c -o file.o
configure:10192: result: yes
configure:10225: checking whether the gcc linker (/usr/bin/ld) supports shared libraries
configure:11382: result: yes
configure:11622: checking dynamic linker characteristics
configure:12122: gcc -o conftest -g -O2   -Wl,-rpath -Wl,/foo conftest.c  >&5
configure:12122: $? = 0
configure:12356: result: GNU/Linux ld.so
configure:12463: checking how to hardcode library paths into programs
configure:12488: result: immediate
configure:13028: checking whether stripping libraries is possible
configure:13033: result: yes
configure:13068: checking if libtool supports shared libraries
configure:13070: result: yes
configure:13073: checking whether to build shared libraries
configure:13094: result: no
configure:13097: checking whether to build static libraries
configure:13101: result: yes
configure:13153: checking sys/mman.h usability
configure:13153: gcc -c -g -O2  conftest.c >&5
configure:13153: $? = 0
configure:13153: result: yes
configure:13153: checking sys/mman.h presence
configure:13153: gcc -E  conftest.c
configure:13153: $? = 0
configure:13153: result: yes
configure:13153: checking for sys/mman.h
configure:13153: result: yes
configure:13153: checking wchar.h usability
configure:13153: gcc -c -g -O2  conftest.c >&5
configure:13153: $? = 0
configure:13153: result: yes
configure:13153: checking wchar.h presence
configure:13153: gcc -E  conftest.c
configure:13153: $? = 0
configure:13153: result: yes
configure:13153: checking for wchar.h
configure:13153: result: yes
configure:13153: checking for stdint.h
configure:13153: result: yes
configure:13174: checking for mprotect
configure:13174: gcc -o conftest -g -O2   conftest.c  >&5
configure:13174: $? = 0
configure:13174: result: yes
configure:13174: checking for sigaction
configure:13174: gcc -o conftest -g -O2   conftest.c  >&5
configure:13174: $? = 0
configure:13174: result: yes
configure:13174: checking for sigaltstack
configure:13174: gcc -o conftest -g -O2   conftest.c  >&5
configure:13174: $? = 0
configure:13174: result: yes
configure:13174: checking for siginterrupt
configure:13174: gcc -o conftest -g -O2   conftest.c  >&5
configure:13174: $? = 0
configure:13174: result: yes
configure:13265: checking for mmap
configure:13265: gcc -o conftest -g -O2   conftest.c  >&5
configure:13265: $? = 0
configure:13265: result: yes
configure:13276: checking for MAP_ANONYMOUS
configure:13313: result: yes
configure:13347: checking whether memchr works
configure:13410: gcc -o conftest -g -O2   conftest.c  >&5
configure:13410: $? = 0
configure:13410: ./conftest
configure:13410: $? = 0
configure:13420: result: yes
configure:13428: checking whether memmem is declared
configure:13428: gcc -c -g -O2  conftest.c >&5
configure:13428: $? = 0
configure:13428: result: yes
configure:13446: checking for memmem
configure:13446: gcc -o conftest -g -O2   conftest.c  >&5
configure:13446: $? = 0
configure:13446: result: yes
configure:13470: checking whether memmem works
configure:13534: gcc -o conftest -g -O2   conftest.c  >&5
configure:13534: $? = 0
configure:13534: ./conftest
configure:13534: $? = 0
configure:13545: result: yes
configure:13563: gcc -c -g -O2  conftest.c >&5
conftest.c:42:10: error: unknown type name 'not'
conftest.c:42:16: error: expected '=', ',', ';', 'asm' or '__attribute__' before 'universal'
conftest.c:42:16: error: unknown type name 'universal'
configure:13563: $? = 1
configure: failed program was:
| /* confdefs.h */
| #define PACKAGE_NAME "cgminer"
| #define PACKAGE_TARNAME "cgminer"
| #define PACKAGE_VERSION "4.3.3"
| #define PACKAGE_STRING "cgminer 4.3.3"
| #define PACKAGE_BUGREPORT "kernel@kolivas.org"
| #define PACKAGE_URL ""
| #define PACKAGE "cgminer"
| #define VERSION "4.3.3"
| #define STDC_HEADERS 1
| #define HAVE_SYS_TYPES_H 1
| #define HAVE_SYS_STAT_H 1
| #define HAVE_STDLIB_H 1
| #define HAVE_STRING_H 1
| #define HAVE_MEMORY_H 1
| #define HAVE_STRINGS_H 1
| #define HAVE_INTTYPES_H 1
| #define HAVE_STDINT_H 1
| #define HAVE_UNISTD_H 1
| #define __EXTENSIONS__ 1
| #define _ALL_SOURCE 1
| #define _GNU_SOURCE 1
| #define _POSIX_PTHREAD_SEMANTICS 1
| #define _TANDEM_SOURCE 1
| #define CGMINER_MAJOR_VERSION 4
| #define CGMINER_MINOR_VERSION 3
| #define CGMINER_MINOR_SUBVERSION 3
| #define HAVE_DLFCN_H 1
| #define LT_OBJDIR ".libs/"
| #define HAVE_SYS_MMAN_H 1
| #define HAVE_WCHAR_H 1
| #define HAVE_STDINT_H 1
| #define HAVE_MPROTECT 1
| #define HAVE_SIGACTION 1
| #define HAVE_SIGALTSTACK 1
| #define HAVE_SIGINTERRUPT 1
| #define HAVE_MAP_ANONYMOUS 1
| #define HAVE_DECL_MEMMEM 1
| #define HAVE_MEMMEM 1
| /* end confdefs.h.  */
| #ifndef __APPLE_CC__
|          not a universal capable compiler
|         #endif
|         typedef int dummy;
| 
configure:13614: checking for C/C++ restrict keyword
configure:13639: gcc -c -g -O2  conftest.c >&5
configure:13639: $? = 0
configure:13647: result: __restrict
configure:13660: checking for uid_t in sys/types.h
configure:13679: result: yes
configure:13690: checking for inline
configure:13706: gcc -c -g -O2  conftest.c >&5
configure:13706: $? = 0
configure:13714: result: inline
configure:13747: checking whether the preprocessor supports include_next
configure:13785: gcc -c -g -O2  -Iconftestd1b -Iconftestd2 conftest.c >&5
configure:13785: $? = 0
configure:13806: result: yes
configure:13827: checking whether system header files limit the line length
configure:13850: result: no
configure:13864: checking for wchar_t
configure:13881: gcc -c -g -O2  conftest.c >&5
configure:13881: $? = 0
configure:13888: result: yes
configure:13897: checking for unsigned long long int
configure:13936: gcc -o conftest -g -O2   conftest.c  >&5
configure:13936: $? = 0
configure:13945: result: yes
configure:13955: checking for long long int
configure:13993: gcc -o conftest -g -O2   conftest.c  >&5
configure:13993: $? = 0
configure:13993: ./conftest
configure:13993: $? = 0
configure:14005: result: yes
configure:14142: checking whether stdint.h conforms to C99
configure:14313: gcc -c -g -O2  conftest.c >&5
configure:14313: $? = 0
configure:14395: gcc -o conftest -g -O2   conftest.c  >&5
configure:14395: $? = 0
configure:14395: ./conftest
configure:14395: $? = 0
configure:14407: result: yes
configure:14806: checking whether memmem is declared without a macro
configure:14824: gcc -c -g -O2  conftest.c >&5
configure:14824: $? = 0
configure:14832: result: yes
configure:14806: checking whether mempcpy is declared without a macro
configure:14824: gcc -c -g -O2  conftest.c >&5
configure:14824: $? = 0
configure:14832: result: yes
configure:14806: checking whether memrchr is declared without a macro
configure:14824: gcc -c -g -O2  conftest.c >&5
configure:14824: $? = 0
configure:14832: result: yes
configure:14806: checking whether rawmemchr is declared without a macro
configure:14824: gcc -c -g -O2  conftest.c >&5
configure:14824: $? = 0
configure:14832: result: yes
configure:14806: checking whether stpcpy is declared without a macro
configure:14824: gcc -c -g -O2  conftest.c >&5
configure:14824: $? = 0
configure:14832: result: yes
configure:14806: checking whether stpncpy is declared without a macro
configure:14824: gcc -c -g -O2  conftest.c >&5
configure:14824: $? = 0
configure:14832: result: yes
configure:14806: checking whether strchrnul is declared without a macro
configure:14824: gcc -c -g -O2  conftest.c >&5
configure:14824: $? = 0
configure:14832: result: yes
configure:14806: checking whether strdup is declared without a macro
configure:14824: gcc -c -g -O2  conftest.c >&5
configure:14824: $? = 0
configure:14832: result: yes
configure:14806: checking whether strncat is declared without a macro
configure:14824: gcc -c -g -O2  conftest.c >&5
configure:14824: $? = 0
configure:14832: result: yes
configure:14806: checking whether strndup is declared without a macro
configure:14824: gcc -c -g -O2  conftest.c >&5
configure:14824: $? = 0
configure:14832: result: yes
configure:14806: checking whether strnlen is declared without a macro
configure:14824: gcc -c -g -O2  conftest.c >&5
configure:14824: $? = 0
configure:14832: result: yes
configure:14806: checking whether strpbrk is declared without a macro
configure:14824: gcc -c -g -O2  conftest.c >&5
configure:14824: $? = 0
configure:14832: result: yes
configure:14806: checking whether strsep is declared without a macro
configure:14824: gcc -c -g -O2  conftest.c >&5
configure:14824: $? = 0
configure:14832: result: yes
configure:14806: checking whether strcasestr is declared without a macro
configure:14824: gcc -c -g -O2  conftest.c >&5
configure:14824: $? = 0
configure:14832: result: yes
configure:14806: checking whether strtok_r is declared without a macro
configure:14824: gcc -c -g -O2  conftest.c >&5
configure:14824: $? = 0
configure:14832: result: yes
configure:14806: checking whether strerror_r is declared without a macro
configure:14824: gcc -c -g -O2  conftest.c >&5
configure:14824: $? = 0
configure:14832: result: yes
configure:14806: checking whether strsignal is declared without a macro
configure:14824: gcc -c -g -O2  conftest.c >&5
configure:14824: $? = 0
configure:14832: result: yes
configure:14806: checking whether strverscmp is declared without a macro
configure:14824: gcc -c -g -O2  conftest.c >&5
configure:14824: $? = 0
configure:14832: result: yes
configure:14912: checking whether memmem works in linear time
configure:14983: gcc -o conftest -g -O2   conftest.c  >&5
configure:14983: $? = 0
configure:14983: ./conftest
configure:14983: $? = 0
configure:14994: result: yes
configure:15019: checking for memmem
configure:15019: result: yes
configure:15043: checking whether memmem works
configure:15118: result: yes
configure:15164: checking for struct sigaction.sa_sigaction
configure:15164: gcc -c -g -O2  conftest.c >&5
configure:15164: $? = 0
configure:15164: result: yes
configure:15299: checking for volatile sig_atomic_t
configure:15299: gcc -c -g -O2  conftest.c >&5
configure:15299: $? = 0
configure:15299: gcc -c -g -O2  conftest.c >&5
conftest.c: In function 'main':
conftest.c:75:36: error: expected expression before ')' token
configure:15299: $? = 1
configure: failed program was:
| /* confdefs.h */
| #define PACKAGE_NAME "cgminer"
| #define PACKAGE_TARNAME "cgminer"
| #define PACKAGE_VERSION "4.3.3"
| #define PACKAGE_STRING "cgminer 4.3.3"
| #define PACKAGE_BUGREPORT "kernel@kolivas.org"
| #define PACKAGE_URL ""
| #define PACKAGE "cgminer"
| #define VERSION "4.3.3"
| #define STDC_HEADERS 1
| #define HAVE_SYS_TYPES_H 1
| #define HAVE_SYS_STAT_H 1
| #define HAVE_STDLIB_H 1
| #define HAVE_STRING_H 1
| #define HAVE_MEMORY_H 1
| #define HAVE_STRINGS_H 1
| #define HAVE_INTTYPES_H 1
| #define HAVE_STDINT_H 1
| #define HAVE_UNISTD_H 1
| #define __EXTENSIONS__ 1
| #define _ALL_SOURCE 1
| #define _GNU_SOURCE 1
| #define _POSIX_PTHREAD_SEMANTICS 1
| #define _TANDEM_SOURCE 1
| #define CGMINER_MAJOR_VERSION 4
| #define CGMINER_MINOR_VERSION 3
| #define CGMINER_MINOR_SUBVERSION 3
| #define HAVE_DLFCN_H 1
| #define LT_OBJDIR ".libs/"
| #define HAVE_SYS_MMAN_H 1
| #define HAVE_WCHAR_H 1
| #define HAVE_STDINT_H 1
| #define HAVE_MPROTECT 1
| #define HAVE_SIGACTION 1
| #define HAVE_SIGALTSTACK 1
| #define HAVE_SIGINTERRUPT 1
| #define HAVE_MAP_ANONYMOUS 1
| #define HAVE_DECL_MEMMEM 1
| #define HAVE_MEMMEM 1
| #define restrict __restrict
| #define HAVE_WCHAR_T 1
| #define HAVE_UNSIGNED_LONG_LONG_INT 1
| #define HAVE_LONG_LONG_INT 1
| #define HAVE_RAW_DECL_MEMMEM 1
| #define HAVE_RAW_DECL_MEMPCPY 1
| #define HAVE_RAW_DECL_MEMRCHR 1
| #define HAVE_RAW_DECL_RAWMEMCHR 1
| #define HAVE_RAW_DECL_STPCPY 1
| #define HAVE_RAW_DECL_STPNCPY 1
| #define HAVE_RAW_DECL_STRCHRNUL 1
| #define HAVE_RAW_DECL_STRDUP 1
| #define HAVE_RAW_DECL_STRNCAT 1
| #define HAVE_RAW_DECL_STRNDUP 1
| #define HAVE_RAW_DECL_STRNLEN 1
| #define HAVE_RAW_DECL_STRPBRK 1
| #define HAVE_RAW_DECL_STRSEP 1
| #define HAVE_RAW_DECL_STRCASESTR 1
| #define HAVE_RAW_DECL_STRTOK_R 1
| #define HAVE_RAW_DECL_STRERROR_R 1
| #define HAVE_RAW_DECL_STRSIGNAL 1
| #define HAVE_RAW_DECL_STRVERSCMP 1
| #define GNULIB_TEST_MEMCHR 1
| #define HAVE_MEMMEM 1
| #define GNULIB_TEST_MEMMEM 1
| #define HAVE_STRUCT_SIGACTION_SA_SIGACTION 1
| #define GNULIB_TEST_SIGACTION 1
| /* end confdefs.h.  */
| 
| #include <signal.h>
| 
| 
| int
| main ()
| {
| if (sizeof ((volatile sig_atomic_t)))
| 	    return 0;
|   ;
|   return 0;
| }
configure:15299: result: yes
configure:15313: checking for sighandler_t
configure:15313: gcc -c -g -O2  conftest.c >&5
configure:15313: $? = 0
configure:15313: gcc -c -g -O2  conftest.c >&5
conftest.c: In function 'main':
conftest.c:75:27: error: expected expression before ')' token
configure:15313: $? = 1
configure: failed program was:
| /* confdefs.h */
| #define PACKAGE_NAME "cgminer"
| #define PACKAGE_TARNAME "cgminer"
| #define PACKAGE_VERSION "4.3.3"
| #define PACKAGE_STRING "cgminer 4.3.3"
| #define PACKAGE_BUGREPORT "kernel@kolivas.org"
| #define PACKAGE_URL ""
| #define PACKAGE "cgminer"
| #define VERSION "4.3.3"
| #define STDC_HEADERS 1
| #define HAVE_SYS_TYPES_H 1
| #define HAVE_SYS_STAT_H 1
| #define HAVE_STDLIB_H 1
| #define HAVE_STRING_H 1
| #define HAVE_MEMORY_H 1
| #define HAVE_STRINGS_H 1
| #define HAVE_INTTYPES_H 1
| #define HAVE_STDINT_H 1
| #define HAVE_UNISTD_H 1
| #define __EXTENSIONS__ 1
| #define _ALL_SOURCE 1
| #define _GNU_SOURCE 1
| #define _POSIX_PTHREAD_SEMANTICS 1
| #define _TANDEM_SOURCE 1
| #define CGMINER_MAJOR_VERSION 4
| #define CGMINER_MINOR_VERSION 3
| #define CGMINER_MINOR_SUBVERSION 3
| #define HAVE_DLFCN_H 1
| #define LT_OBJDIR ".libs/"
| #define HAVE_SYS_MMAN_H 1
| #define HAVE_WCHAR_H 1
| #define HAVE_STDINT_H 1
| #define HAVE_MPROTECT 1
| #define HAVE_SIGACTION 1
| #define HAVE_SIGALTSTACK 1
| #define HAVE_SIGINTERRUPT 1
| #define HAVE_MAP_ANONYMOUS 1
| #define HAVE_DECL_MEMMEM 1
| #define HAVE_MEMMEM 1
| #define restrict __restrict
| #define HAVE_WCHAR_T 1
| #define HAVE_UNSIGNED_LONG_LONG_INT 1
| #define HAVE_LONG_LONG_INT 1
| #define HAVE_RAW_DECL_MEMMEM 1
| #define HAVE_RAW_DECL_MEMPCPY 1
| #define HAVE_RAW_DECL_MEMRCHR 1
| #define HAVE_RAW_DECL_RAWMEMCHR 1
| #define HAVE_RAW_DECL_STPCPY 1
| #define HAVE_RAW_DECL_STPNCPY 1
| #define HAVE_RAW_DECL_STRCHRNUL 1
| #define HAVE_RAW_DECL_STRDUP 1
| #define HAVE_RAW_DECL_STRNCAT 1
| #define HAVE_RAW_DECL_STRNDUP 1
| #define HAVE_RAW_DECL_STRNLEN 1
| #define HAVE_RAW_DECL_STRPBRK 1
| #define HAVE_RAW_DECL_STRSEP 1
| #define HAVE_RAW_DECL_STRCASESTR 1
| #define HAVE_RAW_DECL_STRTOK_R 1
| #define HAVE_RAW_DECL_STRERROR_R 1
| #define HAVE_RAW_DECL_STRSIGNAL 1
| #define HAVE_RAW_DECL_STRVERSCMP 1
| #define GNULIB_TEST_MEMCHR 1
| #define HAVE_MEMMEM 1
| #define GNULIB_TEST_MEMMEM 1
| #define HAVE_STRUCT_SIGACTION_SA_SIGACTION 1
| #define GNULIB_TEST_SIGACTION 1
| /* end confdefs.h.  */
| 
| #include <signal.h>
| 
| 
| int
| main ()
| {
| if (sizeof ((sighandler_t)))
| 	    return 0;
|   ;
|   return 0;
| }
configure:15313: result: yes
configure:15327: checking whether sigaction is declared without a macro
configure:15345: gcc -c -g -O2  conftest.c >&5
configure:15345: $? = 0
configure:15353: result: yes
configure:15327: checking whether sigaddset is declared without a macro
configure:15345: gcc -c -g -O2  conftest.c >&5
configure:15345: $? = 0
configure:15353: result: yes
configure:15327: checking whether sigdelset is declared without a macro
configure:15345: gcc -c -g -O2  conftest.c >&5
configure:15345: $? = 0
configure:15353: result: yes
configure:15327: checking whether sigemptyset is declared without a macro
configure:15345: gcc -c -g -O2  conftest.c >&5
configure:15345: $? = 0
configure:15353: result: yes
configure:15327: checking whether sigfillset is declared without a macro
configure:15345: gcc -c -g -O2  conftest.c >&5
configure:15345: $? = 0
configure:15353: result: yes
configure:15327: checking whether sigismember is declared without a macro
configure:15345: gcc -c -g -O2  conftest.c >&5
configure:15345: $? = 0
configure:15353: result: yes
configure:15327: checking whether sigpending is declared without a macro
configure:15345: gcc -c -g -O2  conftest.c >&5
configure:15345: $? = 0
configure:15353: result: yes
configure:15327: checking whether sigprocmask is declared without a macro
configure:15345: gcc -c -g -O2  conftest.c >&5
configure:15345: $? = 0
configure:15353: result: yes
configure:15382: checking for sigprocmask
configure:15382: gcc -o conftest -g -O2   conftest.c  >&5
configure:15382: $? = 0
configure:15382: result: yes
configure:15449: checking whether NULL can be used in arbitrary expressions
configure:15467: gcc -c -g -O2  conftest.c >&5
configure:15467: $? = 0
configure:15474: result: yes
configure:15589: checking for ANSI C header files
configure:15693: result: yes
configure:15703: checking syslog.h usability
configure:15703: gcc -c -g -O2  conftest.c >&5
configure:15703: $? = 0
configure:15703: result: yes
configure:15703: checking syslog.h presence
configure:15703: gcc -E  conftest.c
configure:15703: $? = 0
configure:15703: result: yes
configure:15703: checking for syslog.h
configure:15703: result: yes
configure:15714: checking for size_t
configure:15714: gcc -c -g -O2  conftest.c >&5
configure:15714: $? = 0
configure:15714: gcc -c -g -O2  conftest.c >&5
conftest.c: In function 'main':
conftest.c:115:21: error: expected expression before ')' token
configure:15714: $? = 1
configure: failed program was:
| /* confdefs.h */
| #define PACKAGE_NAME "cgminer"
| #define PACKAGE_TARNAME "cgminer"
| #define PACKAGE_VERSION "4.3.3"
| #define PACKAGE_STRING "cgminer 4.3.3"
| #define PACKAGE_BUGREPORT "kernel@kolivas.org"
| #define PACKAGE_URL ""
| #define PACKAGE "cgminer"
| #define VERSION "4.3.3"
| #define STDC_HEADERS 1
| #define HAVE_SYS_TYPES_H 1
| #define HAVE_SYS_STAT_H 1
| #define HAVE_STDLIB_H 1
| #define HAVE_STRING_H 1
| #define HAVE_MEMORY_H 1
| #define HAVE_STRINGS_H 1
| #define HAVE_INTTYPES_H 1
| #define HAVE_STDINT_H 1
| #define HAVE_UNISTD_H 1
| #define __EXTENSIONS__ 1
| #define _ALL_SOURCE 1
| #define _GNU_SOURCE 1
| #define _POSIX_PTHREAD_SEMANTICS 1
| #define _TANDEM_SOURCE 1
| #define CGMINER_MAJOR_VERSION 4
| #define CGMINER_MINOR_VERSION 3
| #define CGMINER_MINOR_SUBVERSION 3
| #define HAVE_DLFCN_H 1
| #define LT_OBJDIR ".libs/"
| #define HAVE_SYS_MMAN_H 1
| #define HAVE_WCHAR_H 1
| #define HAVE_STDINT_H 1
| #define HAVE_MPROTECT 1
| #define HAVE_SIGACTION 1
| #define HAVE_SIGALTSTACK 1
| #define HAVE_SIGINTERRUPT 1
| #define HAVE_MAP_ANONYMOUS 1
| #define HAVE_DECL_MEMMEM 1
| #define HAVE_MEMMEM 1
| #define restrict __restrict
| #define HAVE_WCHAR_T 1
| #define HAVE_UNSIGNED_LONG_LONG_INT 1
| #define HAVE_LONG_LONG_INT 1
| #define HAVE_RAW_DECL_MEMMEM 1
| #define HAVE_RAW_DECL_MEMPCPY 1
| #define HAVE_RAW_DECL_MEMRCHR 1
| #define HAVE_RAW_DECL_RAWMEMCHR 1
| #define HAVE_RAW_DECL_STPCPY 1
| #define HAVE_RAW_DECL_STPNCPY 1
| #define HAVE_RAW_DECL_STRCHRNUL 1
| #define HAVE_RAW_DECL_STRDUP 1
| #define HAVE_RAW_DECL_STRNCAT 1
| #define HAVE_RAW_DECL_STRNDUP 1
| #define HAVE_RAW_DECL_STRNLEN 1
| #define HAVE_RAW_DECL_STRPBRK 1
| #define HAVE_RAW_DECL_STRSEP 1
| #define HAVE_RAW_DECL_STRCASESTR 1
| #define HAVE_RAW_DECL_STRTOK_R 1
| #define HAVE_RAW_DECL_STRERROR_R 1
| #define HAVE_RAW_DECL_STRSIGNAL 1
| #define HAVE_RAW_DECL_STRVERSCMP 1
| #define GNULIB_TEST_MEMCHR 1
| #define HAVE_MEMMEM 1
| #define GNULIB_TEST_MEMMEM 1
| #define HAVE_STRUCT_SIGACTION_SA_SIGACTION 1
| #define GNULIB_TEST_SIGACTION 1
| #define HAVE_RAW_DECL_SIGACTION 1
| #define HAVE_RAW_DECL_SIGADDSET 1
| #define HAVE_RAW_DECL_SIGDELSET 1
| #define HAVE_RAW_DECL_SIGEMPTYSET 1
| #define HAVE_RAW_DECL_SIGFILLSET 1
| #define HAVE_RAW_DECL_SIGISMEMBER 1
| #define HAVE_RAW_DECL_SIGPENDING 1
| #define HAVE_RAW_DECL_SIGPROCMASK 1
| #define GNULIB_TEST_SIGPROCMASK 1
| #define STDC_HEADERS 1
| #define HAVE_SYSLOG_H 1
| /* end confdefs.h.  */
| #include <stdio.h>
| #ifdef HAVE_SYS_TYPES_H
| # include <sys/types.h>
| #endif
| #ifdef HAVE_SYS_STAT_H
| # include <sys/stat.h>
| #endif
| #ifdef STDC_HEADERS
| # include <stdlib.h>
| # include <stddef.h>
| #else
| # ifdef HAVE_STDLIB_H
| #  include <stdlib.h>
| # endif
| #endif
| #ifdef HAVE_STRING_H
| # if !defined STDC_HEADERS && defined HAVE_MEMORY_H
| #  include <memory.h>
| # endif
| # include <string.h>
| #endif
| #ifdef HAVE_STRINGS_H
| # include <strings.h>
| #endif
| #ifdef HAVE_INTTYPES_H
| # include <inttypes.h>
| #endif
| #ifdef HAVE_STDINT_H
| # include <stdint.h>
| #endif
| #ifdef HAVE_UNISTD_H
| # include <unistd.h>
| #endif
| int
| main ()
| {
| if (sizeof ((size_t)))
| 	    return 0;
|   ;
|   return 0;
| }
configure:15714: result: yes
configure:15727: checking for working alloca.h
configure:15744: gcc -o conftest -g -O2   conftest.c  >&5
configure:15744: $? = 0
configure:15752: result: yes
configure:15760: checking for alloca
configure:15797: gcc -o conftest -g -O2   conftest.c  >&5
configure:15797: $? = 0
configure:15805: result: yes
configure:16014: checking for pthread_create in -lpthread
configure:16039: gcc -o conftest -g -O2   conftest.c -lpthread   >&5
configure:16039: $? = 0
configure:16048: result: yes
configure:16457: checking for library containing addstr
configure:16488: gcc -o conftest -g -O2   conftest.c -lpthread  >&5
/tmp/cc2rGlz5.o: In function `main':
/home/pi/cgminer-4.3.3/conftest.c:94: undefined reference to `addstr'
collect2: ld returned 1 exit status
configure:16488: $? = 1
configure: failed program was:
| /* confdefs.h */
| #define PACKAGE_NAME "cgminer"
| #define PACKAGE_TARNAME "cgminer"
| #define PACKAGE_VERSION "4.3.3"
| #define PACKAGE_STRING "cgminer 4.3.3"
| #define PACKAGE_BUGREPORT "kernel@kolivas.org"
| #define PACKAGE_URL ""
| #define PACKAGE "cgminer"
| #define VERSION "4.3.3"
| #define STDC_HEADERS 1
| #define HAVE_SYS_TYPES_H 1
| #define HAVE_SYS_STAT_H 1
| #define HAVE_STDLIB_H 1
| #define HAVE_STRING_H 1
| #define HAVE_MEMORY_H 1
| #define HAVE_STRINGS_H 1
| #define HAVE_INTTYPES_H 1
| #define HAVE_STDINT_H 1
| #define HAVE_UNISTD_H 1
| #define __EXTENSIONS__ 1
| #define _ALL_SOURCE 1
| #define _GNU_SOURCE 1
| #define _POSIX_PTHREAD_SEMANTICS 1
| #define _TANDEM_SOURCE 1
| #define CGMINER_MAJOR_VERSION 4
| #define CGMINER_MINOR_VERSION 3
| #define CGMINER_MINOR_SUBVERSION 3
| #define HAVE_DLFCN_H 1
| #define LT_OBJDIR ".libs/"
| #define HAVE_SYS_MMAN_H 1
| #define HAVE_WCHAR_H 1
| #define HAVE_STDINT_H 1
| #define HAVE_MPROTECT 1
| #define HAVE_SIGACTION 1
| #define HAVE_SIGALTSTACK 1
| #define HAVE_SIGINTERRUPT 1
| #define HAVE_MAP_ANONYMOUS 1
| #define HAVE_DECL_MEMMEM 1
| #define HAVE_MEMMEM 1
| #define restrict __restrict
| #define HAVE_WCHAR_T 1
| #define HAVE_UNSIGNED_LONG_LONG_INT 1
| #define HAVE_LONG_LONG_INT 1
| #define HAVE_RAW_DECL_MEMMEM 1
| #define HAVE_RAW_DECL_MEMPCPY 1
| #define HAVE_RAW_DECL_MEMRCHR 1
| #define HAVE_RAW_DECL_RAWMEMCHR 1
| #define HAVE_RAW_DECL_STPCPY 1
| #define HAVE_RAW_DECL_STPNCPY 1
| #define HAVE_RAW_DECL_STRCHRNUL 1
| #define HAVE_RAW_DECL_STRDUP 1
| #define HAVE_RAW_DECL_STRNCAT 1
| #define HAVE_RAW_DECL_STRNDUP 1
| #define HAVE_RAW_DECL_STRNLEN 1
| #define HAVE_RAW_DECL_STRPBRK 1
| #define HAVE_RAW_DECL_STRSEP 1
| #define HAVE_RAW_DECL_STRCASESTR 1
| #define HAVE_RAW_DECL_STRTOK_R 1
| #define HAVE_RAW_DECL_STRERROR_R 1
| #define HAVE_RAW_DECL_STRSIGNAL 1
| #define HAVE_RAW_DECL_STRVERSCMP 1
| #define GNULIB_TEST_MEMCHR 1
| #define HAVE_MEMMEM 1
| #define GNULIB_TEST_MEMMEM 1
| #define HAVE_STRUCT_SIGACTION_SA_SIGACTION 1
| #define GNULIB_TEST_SIGACTION 1
| #define HAVE_RAW_DECL_SIGACTION 1
| #define HAVE_RAW_DECL_SIGADDSET 1
| #define HAVE_RAW_DECL_SIGDELSET 1
| #define HAVE_RAW_DECL_SIGEMPTYSET 1
| #define HAVE_RAW_DECL_SIGFILLSET 1
| #define HAVE_RAW_DECL_SIGISMEMBER 1
| #define HAVE_RAW_DECL_SIGPENDING 1
| #define HAVE_RAW_DECL_SIGPROCMASK 1
| #define GNULIB_TEST_SIGPROCMASK 1
| #define STDC_HEADERS 1
| #define HAVE_SYSLOG_H 1
| #define HAVE_ALLOCA_H 1
| #define HAVE_ALLOCA 1
| #define HAVE_LIBPTHREAD 1
| #define USE_ICARUS 1
| /* end confdefs.h.  */
| 
| /* Override any GCC internal prototype to avoid an error.
|    Use char because int might match the return type of a GCC
|    builtin and then its argument prototype would still apply.  */
| #ifdef __cplusplus
| extern "C"
| #endif
| char addstr ();
| int
| main ()
| {
| return addstr ();
|   ;
|   return 0;
| }
configure:16488: gcc -o conftest -g -O2   conftest.c -lncurses  -lpthread  >&5
configure:16488: $? = 0
configure:16505: result: -lncurses
configure:16896: checking for pkg-config
configure:16914: found /usr/bin/pkg-config
configure:16926: result: /usr/bin/pkg-config
configure:16951: checking pkg-config is at least version 0.9.0
configure:16954: result: yes
configure:16987: checking for LIBCURL
configure:16994: $PKG_CONFIG --exists --print-errors "libcurl >= 7.25.0"
configure:16997: $? = 0
configure:17011: $PKG_CONFIG --exists --print-errors "libcurl >= 7.25.0"
configure:17014: $? = 0
configure:17192: result: yes
configure:17290: gcc -c -g -O2  conftest.c >&5
conftest.c:88:26: fatal error: process.h: No such file or directory
compilation terminated.
configure:17290: $? = 1
configure: failed program was:
| /* confdefs.h */
| #define PACKAGE_NAME "cgminer"
| #define PACKAGE_TARNAME "cgminer"
| #define PACKAGE_VERSION "4.3.3"
| #define PACKAGE_STRING "cgminer 4.3.3"
| #define PACKAGE_BUGREPORT "kernel@kolivas.org"
| #define PACKAGE_URL ""
| #define PACKAGE "cgminer"
| #define VERSION "4.3.3"
| #define STDC_HEADERS 1
| #define HAVE_SYS_TYPES_H 1
| #define HAVE_SYS_STAT_H 1
| #define HAVE_STDLIB_H 1
| #define HAVE_STRING_H 1
| #define HAVE_MEMORY_H 1
| #define HAVE_STRINGS_H 1
| #define HAVE_INTTYPES_H 1
| #define HAVE_STDINT_H 1
| #define HAVE_UNISTD_H 1
| #define __EXTENSIONS__ 1
| #define _ALL_SOURCE 1
| #define _GNU_SOURCE 1
| #define _POSIX_PTHREAD_SEMANTICS 1
| #define _TANDEM_SOURCE 1
| #define CGMINER_MAJOR_VERSION 4
| #define CGMINER_MINOR_VERSION 3
| #define CGMINER_MINOR_SUBVERSION 3
| #define HAVE_DLFCN_H 1
| #define LT_OBJDIR ".libs/"
| #define HAVE_SYS_MMAN_H 1
| #define HAVE_WCHAR_H 1
| #define HAVE_STDINT_H 1
| #define HAVE_MPROTECT 1
| #define HAVE_SIGACTION 1
| #define HAVE_SIGALTSTACK 1
| #define HAVE_SIGINTERRUPT 1
| #define HAVE_MAP_ANONYMOUS 1
| #define HAVE_DECL_MEMMEM 1
| #define HAVE_MEMMEM 1
| #define restrict __restrict
| #define HAVE_WCHAR_T 1
| #define HAVE_UNSIGNED_LONG_LONG_INT 1
| #define HAVE_LONG_LONG_INT 1
| #define HAVE_RAW_DECL_MEMMEM 1
| #define HAVE_RAW_DECL_MEMPCPY 1
| #define HAVE_RAW_DECL_MEMRCHR 1
| #define HAVE_RAW_DECL_RAWMEMCHR 1
| #define HAVE_RAW_DECL_STPCPY 1
| #define HAVE_RAW_DECL_STPNCPY 1
| #define HAVE_RAW_DECL_STRCHRNUL 1
| #define HAVE_RAW_DECL_STRDUP 1
| #define HAVE_RAW_DECL_STRNCAT 1
| #define HAVE_RAW_DECL_STRNDUP 1
| #define HAVE_RAW_DECL_STRNLEN 1
| #define HAVE_RAW_DECL_STRPBRK 1
| #define HAVE_RAW_DECL_STRSEP 1
| #define HAVE_RAW_DECL_STRCASESTR 1
| #define HAVE_RAW_DECL_STRTOK_R 1
| #define HAVE_RAW_DECL_STRERROR_R 1
| #define HAVE_RAW_DECL_STRSIGNAL 1
| #define HAVE_RAW_DECL_STRVERSCMP 1
| #define GNULIB_TEST_MEMCHR 1
| #define HAVE_MEMMEM 1
| #define GNULIB_TEST_MEMMEM 1
| #define HAVE_STRUCT_SIGACTION_SA_SIGACTION 1
| #define GNULIB_TEST_SIGACTION 1
| #define HAVE_RAW_DECL_SIGACTION 1
| #define HAVE_RAW_DECL_SIGADDSET 1
| #define HAVE_RAW_DECL_SIGDELSET 1
| #define HAVE_RAW_DECL_SIGEMPTYSET 1
| #define HAVE_RAW_DECL_SIGFILLSET 1
| #define HAVE_RAW_DECL_SIGISMEMBER 1
| #define HAVE_RAW_DECL_SIGPENDING 1
| #define HAVE_RAW_DECL_SIGPROCMASK 1
| #define GNULIB_TEST_SIGPROCMASK 1
| #define STDC_HEADERS 1
| #define HAVE_SYSLOG_H 1
| #define HAVE_ALLOCA_H 1
| #define HAVE_ALLOCA 1
| #define HAVE_LIBPTHREAD 1
| #define USE_ICARUS 1
| #define HAVE_CURSES 1
| #define USE_USBUTILS 1
| #define CURL_HAS_KEEPALIVE 1
| #define HAVE_LIBCURL 1
| /* end confdefs.h.  */
| 
| 		   #include <process.h>
| 		   int execv(const char*, const char*const*);
| 
configure:17308: gcc -c -g -O2  conftest.c >&5
configure:17308: $? = 0
configure:17318: gcc -c -g -O2  conftest.c >&5
configure:17318: $? = 0
configure:17328: gcc -c -g -O2  conftest.c >&5
conftest.c: In function 'cleanup':
conftest.c:90:55: warning: incompatible implicit declaration of built-in function 'exit' [enabled by default]
configure:17328: $? = 0
configure:17338: gcc -c -g -O2  conftest.c >&5
configure:17338: $? = 0
configure:17348: gcc -c -g -O2  conftest.c >&5
configure:17348: $? = 0
configure:17358: gcc -c -g -O2  conftest.c >&5
configure:17358: $? = 0
configure:17368: gcc -o conftest -g -O2   conftest.c -lncurses -lpthread  >&5
configure:17368: $? = 0
configure:17379: gcc -o conftest -g -O2   conftest.c -lncurses -lpthread  >&5
configure:17379: $? = 0
configure:17390: gcc -c -g -O2  conftest.c >&5
configure:17390: $? = 0
configure:17529: checking that generated files are newer than configure
configure:17535: result: done
configure:17706: creating ./config.status

## ---------------------- ##
## Running config.status. ##
## ---------------------- ##

This file was extended by cgminer config.status 4.3.3, which was
generated by GNU Autoconf 2.69.  Invocation command line was

  CONFIG_FILES    = 
  CONFIG_HEADERS  = 
  CONFIG_LINKS    = 
  CONFIG_COMMANDS = 
  $ ./config.status 

on raspberrypi

config.status:1365: creating Makefile
config.status:1365: creating compat/Makefile
config.status:1365: creating ccan/Makefile
config.status:1365: creating lib/Makefile
config.status:1365: creating config.h
config.status:1594: executing depfiles commands
config.status:1594: executing libtool commands
configure:19999: === configuring in compat/libusb-1.0 (/home/pi/cgminer-4.3.3/compat/libusb-1.0)
configure:20062: running /bin/bash ./configure --disable-option-checking '--prefix=/usr/local'  '--enable-icarus' --cache-file=/dev/null --srcdir=.
configure:19999: === configuring in compat/jansson-2.5 (/home/pi/cgminer-4.3.3/compat/jansson-2.5)
configure:20062: running /bin/bash ./configure --disable-option-checking '--prefix=/usr/local'  '--enable-icarus' --cache-file=/dev/null --srcdir=.

## ---------------- ##
## Cache variables. ##
## ---------------- ##

ac_cv_build=armv6l-unknown-linux-gnueabihf
ac_cv_c_compiler_gnu=yes
ac_cv_c_inline=inline
ac_cv_c_restrict=__restrict
ac_cv_env_CC_set=
ac_cv_env_CC_value=
ac_cv_env_CFLAGS_set=
ac_cv_env_CFLAGS_value=
ac_cv_env_CPPFLAGS_set=
ac_cv_env_CPPFLAGS_value=
ac_cv_env_CPP_set=
ac_cv_env_CPP_value=
ac_cv_env_LDFLAGS_set=
ac_cv_env_LDFLAGS_value=
ac_cv_env_LIBCURL_CFLAGS_set=
ac_cv_env_LIBCURL_CFLAGS_value=
ac_cv_env_LIBCURL_LIBS_set=
ac_cv_env_LIBCURL_LIBS_value=
ac_cv_env_LIBS_set=
ac_cv_env_LIBS_value=
ac_cv_env_LIBUSB_CFLAGS_set=
ac_cv_env_LIBUSB_CFLAGS_value=
ac_cv_env_LIBUSB_LIBS_set=
ac_cv_env_LIBUSB_LIBS_value=
ac_cv_env_PKG_CONFIG_LIBDIR_set=
ac_cv_env_PKG_CONFIG_LIBDIR_value=
ac_cv_env_PKG_CONFIG_PATH_set=
ac_cv_env_PKG_CONFIG_PATH_value=
ac_cv_env_PKG_CONFIG_set=
ac_cv_env_PKG_CONFIG_value=
ac_cv_env_build_alias_set=
ac_cv_env_build_alias_value=
ac_cv_env_host_alias_set=
ac_cv_env_host_alias_value=
ac_cv_env_target_alias_set=
ac_cv_env_target_alias_value=
ac_cv_func_alloca_works=yes
ac_cv_func_memmem=yes
ac_cv_func_mmap=yes
ac_cv_func_mprotect=yes
ac_cv_func_sigaction=yes
ac_cv_func_sigaltstack=yes
ac_cv_func_siginterrupt=yes
ac_cv_func_sigprocmask=yes
ac_cv_have_decl_memmem=yes
ac_cv_have_decl_mempcpy=yes
ac_cv_have_decl_memrchr=yes
ac_cv_have_decl_rawmemchr=yes
ac_cv_have_decl_sigaction=yes
ac_cv_have_decl_sigaddset=yes
ac_cv_have_decl_sigdelset=yes
ac_cv_have_decl_sigemptyset=yes
ac_cv_have_decl_sigfillset=yes
ac_cv_have_decl_sigismember=yes
ac_cv_have_decl_sigpending=yes
ac_cv_have_decl_sigprocmask=yes
ac_cv_have_decl_stpcpy=yes
ac_cv_have_decl_stpncpy=yes
ac_cv_have_decl_strcasestr=yes
ac_cv_have_decl_strchrnul=yes
ac_cv_have_decl_strdup=yes
ac_cv_have_decl_strerror_r=yes
ac_cv_have_decl_strncat=yes
ac_cv_have_decl_strndup=yes
ac_cv_have_decl_strnlen=yes
ac_cv_have_decl_strpbrk=yes
ac_cv_have_decl_strsep=yes
ac_cv_have_decl_strsignal=yes
ac_cv_have_decl_strtok_r=yes
ac_cv_have_decl_strverscmp=yes
ac_cv_header_dlfcn_h=yes
ac_cv_header_inttypes_h=yes
ac_cv_header_memory_h=yes
ac_cv_header_minix_config_h=no
ac_cv_header_stdc=yes
ac_cv_header_stdint_h=yes
ac_cv_header_stdlib_h=yes
ac_cv_header_string_h=yes
ac_cv_header_strings_h=yes
ac_cv_header_sys_mman_h=yes
ac_cv_header_sys_stat_h=yes
ac_cv_header_sys_types_h=yes
ac_cv_header_syslog_h=yes
ac_cv_header_unistd_h=yes
ac_cv_header_wchar_h=yes
ac_cv_host=armv6l-unknown-linux-gnueabihf
ac_cv_lib_pthread_pthread_create=yes
ac_cv_member_struct_sigaction_sa_sigaction=yes
ac_cv_objext=o
ac_cv_path_EGREP='/bin/grep -E'
ac_cv_path_FGREP='/bin/grep -F'
ac_cv_path_GREP=/bin/grep
ac_cv_path_SED=/bin/sed
ac_cv_path_ac_pt_PKG_CONFIG=/usr/bin/pkg-config
ac_cv_path_install='/usr/bin/install -c'
ac_cv_path_mkdir=/bin/mkdir
ac_cv_prog_AWK=mawk
ac_cv_prog_CPP='gcc -E'
ac_cv_prog_ac_ct_AR=ar
ac_cv_prog_ac_ct_CC=gcc
ac_cv_prog_ac_ct_MANIFEST_TOOL=mt
ac_cv_prog_ac_ct_OBJDUMP=objdump
ac_cv_prog_ac_ct_RANLIB=ranlib
ac_cv_prog_ac_ct_STRIP=strip
ac_cv_prog_cc_c89=
ac_cv_prog_cc_g=yes
ac_cv_prog_cc_gcc_c_o=yes
ac_cv_prog_gcc_traditional=no
ac_cv_prog_make_make_set=yes
ac_cv_safe_to_define___extensions__=yes
ac_cv_search_addstr=-lncurses
ac_cv_target=armv6l-unknown-linux-gnueabihf
ac_cv_type_long_long_int=yes
ac_cv_type_sighandler_t=yes
ac_cv_type_size_t=yes
ac_cv_type_uid_t=yes
ac_cv_type_unsigned_long_long_int=yes
ac_cv_type_volatile_sig_atomic_t=yes
ac_cv_working_alloca_h=yes
am_cv_CC_dependencies_compiler_type=gcc3
am_cv_make_support_nested_variables=yes
gl_cv_c_multiarch=no
gl_cv_decl_null_works=yes
gl_cv_func_memchr_works=yes
gl_cv_func_memmem_works_always=yes
gl_cv_func_memmem_works_fast=yes
gl_cv_func_sigprocmask=1
gl_cv_have_include_next=yes
gl_cv_have_raw_decl_memmem=yes
gl_cv_have_raw_decl_mempcpy=yes
gl_cv_have_raw_decl_memrchr=yes
gl_cv_have_raw_decl_rawmemchr=yes
gl_cv_have_raw_decl_sigaction=yes
gl_cv_have_raw_decl_sigaddset=yes
gl_cv_have_raw_decl_sigdelset=yes
gl_cv_have_raw_decl_sigemptyset=yes
gl_cv_have_raw_decl_sigfillset=yes
gl_cv_have_raw_decl_sigismember=yes
gl_cv_have_raw_decl_sigpending=yes
gl_cv_have_raw_decl_sigprocmask=yes
gl_cv_have_raw_decl_stpcpy=yes
gl_cv_have_raw_decl_stpncpy=yes
gl_cv_have_raw_decl_strcasestr=yes
gl_cv_have_raw_decl_strchrnul=yes
gl_cv_have_raw_decl_strdup=yes
gl_cv_have_raw_decl_strerror_r=yes
gl_cv_have_raw_decl_strncat=yes
gl_cv_have_raw_decl_strndup=yes
gl_cv_have_raw_decl_strnlen=yes
gl_cv_have_raw_decl_strpbrk=yes
gl_cv_have_raw_decl_strsep=yes
gl_cv_have_raw_decl_strsignal=yes
gl_cv_have_raw_decl_strtok_r=yes
gl_cv_have_raw_decl_strverscmp=yes
gl_cv_header_working_stdint_h=yes
gl_cv_next_signal_h='<signal.h>'
gl_cv_next_stdint_h='<stdint.h>'
gl_cv_next_string_h='<string.h>'
gl_cv_pragma_columns=no
gt_cv_c_wchar_t=yes
lt_cv_ar_at_file=@
lt_cv_deplibs_check_method=pass_all
lt_cv_file_magic_cmd='$MAGIC_CMD'
lt_cv_file_magic_test_file=
lt_cv_ld_reload_flag=-r
lt_cv_nm_interface='BSD nm'
lt_cv_objdir=.libs
lt_cv_path_LD=/usr/bin/ld
lt_cv_path_NM='/usr/bin/nm -B'
lt_cv_path_mainfest_tool=no
lt_cv_prog_compiler_c_o=yes
lt_cv_prog_compiler_pic='-fPIC -DPIC'
lt_cv_prog_compiler_pic_works=yes
lt_cv_prog_compiler_rtti_exceptions=no
lt_cv_prog_compiler_static_works=yes
lt_cv_prog_gnu_ld=yes
lt_cv_sharedlib_from_linklib_cmd='printf %s\n'
lt_cv_shlibpath_overrides_runpath=no
lt_cv_sys_global_symbol_pipe='sed -n -e '\''s/^.*[	 ]\([ABCDGIRSTW][ABCDGIRSTW]*\)[	 ][	 ]*\([_A-Za-z][_A-Za-z0-9]*\)$/\1 \2 \2/p'\'' | sed '\''/ __gnu_lto/d'\'''
lt_cv_sys_global_symbol_to_c_name_address='sed -n -e '\''s/^: \([^ ]*\)[ ]*$/  {\"\1\", (void *) 0},/p'\'' -e '\''s/^[ABCDGIRSTW]* \([^ ]*\) \([^ ]*\)$/  {"\2", (void *) \&\2},/p'\'''
lt_cv_sys_global_symbol_to_c_name_address_lib_prefix='sed -n -e '\''s/^: \([^ ]*\)[ ]*$/  {\"\1\", (void *) 0},/p'\'' -e '\''s/^[ABCDGIRSTW]* \([^ ]*\) \(lib[^ ]*\)$/  {"\2", (void *) \&\2},/p'\'' -e '\''s/^[ABCDGIRSTW]* \([^ ]*\) \([^ ]*\)$/  {"lib\2", (void *) \&\2},/p'\'''
lt_cv_sys_global_symbol_to_cdecl='sed -n -e '\''s/^T .* \(.*\)$/extern int \1();/p'\'' -e '\''s/^[ABCDGIRSTW]* .* \(.*\)$/extern char \1;/p'\'''
lt_cv_sys_max_cmd_len=1572864
lt_cv_to_host_file_cmd=func_convert_file_noop
lt_cv_to_tool_file_cmd=func_convert_file_noop
pkg_cv_LIBCURL_CFLAGS=' '
pkg_cv_LIBCURL_LIBS='-lcurl  '

## ----------------- ##
## Output variables. ##
## ----------------- ##

ACLOCAL='${SHELL} /home/pi/cgminer-4.3.3/missing aclocal-1.13'
ALLOCA=''
AMDEPBACKSLASH='\'
AMDEP_FALSE='#'
AMDEP_TRUE=''
AMTAR='$${TAR-tar}'
AM_BACKSLASH='\'
AM_DEFAULT_V='$(AM_DEFAULT_VERBOSITY)'
AM_DEFAULT_VERBOSITY='0'
AM_V='$(V)'
APPLE_UNIVERSAL_BUILD='0'
AR='ar'
AUTOCONF='${SHELL} /home/pi/cgminer-4.3.3/missing autoconf'
AUTOHEADER='${SHELL} /home/pi/cgminer-4.3.3/missing autoheader'
AUTOMAKE='${SHELL} /home/pi/cgminer-4.3.3/missing automake-1.13'
AWK='mawk'
BITSIZEOF_PTRDIFF_T=''
BITSIZEOF_SIG_ATOMIC_T=''
BITSIZEOF_SIZE_T=''
BITSIZEOF_WCHAR_T=''
BITSIZEOF_WINT_T=''
CC='gcc'
CCDEPMODE='depmode=gcc3'
CFLAGS='-g -O2'
CPP='gcc -E'
CPPFLAGS=''
CYGPATH_W='echo'
DEFS='-DHAVE_CONFIG_H'
DEPDIR='.deps'
DLLTOOL='false'
DLOPEN_FLAGS='-ldl'
DSYMUTIL=''
DUMPBIN=''
ECHO_C=''
ECHO_N='-n'
ECHO_T=''
EGREP='/bin/grep -E'
EXEEXT=''
FGREP='/bin/grep -F'
GL_COND_LIBTOOL_FALSE=''
GL_COND_LIBTOOL_TRUE='#'
GL_GENERATE_STDDEF_H_FALSE=''
GL_GENERATE_STDDEF_H_TRUE='#'
GL_GENERATE_STDINT_H_FALSE=''
GL_GENERATE_STDINT_H_TRUE='#'
GNULIB_MBSCASECMP='0'
GNULIB_MBSCASESTR='0'
GNULIB_MBSCHR='0'
GNULIB_MBSCSPN='0'
GNULIB_MBSLEN='0'
GNULIB_MBSNCASECMP='0'
GNULIB_MBSNLEN='0'
GNULIB_MBSPBRK='0'
GNULIB_MBSPCASECMP='0'
GNULIB_MBSRCHR='0'
GNULIB_MBSSEP='0'
GNULIB_MBSSPN='0'
GNULIB_MBSSTR='0'
GNULIB_MBSTOK_R='0'
GNULIB_MEMCHR='1'
GNULIB_MEMMEM='1'
GNULIB_MEMPCPY='0'
GNULIB_MEMRCHR='0'
GNULIB_RAWMEMCHR='0'
GNULIB_SIGACTION='1'
GNULIB_SIGNAL_H_SIGPIPE='0'
GNULIB_SIGPROCMASK='1'
GNULIB_STPCPY='0'
GNULIB_STPNCPY='0'
GNULIB_STRCASESTR='0'
GNULIB_STRCHRNUL='0'
GNULIB_STRDUP='0'
GNULIB_STRERROR='0'
GNULIB_STRERROR_R='0'
GNULIB_STRNCAT='0'
GNULIB_STRNDUP='0'
GNULIB_STRNLEN='0'
GNULIB_STRPBRK='0'
GNULIB_STRSEP='0'
GNULIB_STRSIGNAL='0'
GNULIB_STRSTR='0'
GNULIB_STRTOK_R='0'
GNULIB_STRVERSCMP='0'
GREP='/bin/grep'
HAS_ANT_S1_FALSE=''
HAS_ANT_S1_TRUE='#'
HAS_AVALON2_FALSE=''
HAS_AVALON2_TRUE='#'
HAS_AVALON_FALSE=''
HAS_AVALON_TRUE='#'
HAS_BAB_FALSE=''
HAS_BAB_TRUE='#'
HAS_BFLSC_FALSE=''
HAS_BFLSC_TRUE='#'
HAS_BITFORCE_FALSE=''
HAS_BITFORCE_TRUE='#'
HAS_BITFURY_FALSE=''
HAS_BITFURY_TRUE='#'
HAS_BITMINE_A1_FALSE=''
HAS_BITMINE_A1_TRUE='#'
HAS_COINTERRA_FALSE=''
HAS_COINTERRA_TRUE='#'
HAS_DRILLBIT_FALSE=''
HAS_DRILLBIT_TRUE='#'
HAS_HASHFAST_FALSE=''
HAS_HASHFAST_TRUE='#'
HAS_ICARUS_FALSE='#'
HAS_ICARUS_TRUE=''
HAS_KLONDIKE_FALSE=''
HAS_KLONDIKE_TRUE='#'
HAS_KNC_FALSE=''
HAS_KNC_TRUE='#'
HAS_MINION_FALSE=''
HAS_MINION_TRUE='#'
HAS_MODMINER_FALSE=''
HAS_MODMINER_TRUE='#'
HAS_SPONDOOLIES_FALSE=''
HAS_SPONDOOLIES_TRUE='#'
HAVE_CURSES_FALSE='#'
HAVE_CURSES_TRUE=''
HAVE_DECL_MEMMEM='1'
HAVE_DECL_MEMRCHR='1'
HAVE_DECL_STRDUP='1'
HAVE_DECL_STRERROR_R='1'
HAVE_DECL_STRNDUP='1'
HAVE_DECL_STRNLEN='1'
HAVE_DECL_STRSIGNAL='1'
HAVE_DECL_STRTOK_R='1'
HAVE_INTTYPES_H='1'
HAVE_LONG_LONG_INT='1'
HAVE_MBSLEN='0'
HAVE_MEMCHR='1'
HAVE_MEMPCPY='1'
HAVE_POSIX_SIGNALBLOCKING='1'
HAVE_RAWMEMCHR='1'
HAVE_SIGACTION='1'
HAVE_SIGHANDLER_T='1'
HAVE_SIGINFO_T='1'
HAVE_SIGNED_SIG_ATOMIC_T=''
HAVE_SIGNED_WCHAR_T=''
HAVE_SIGNED_WINT_T=''
HAVE_SIGSET_T='1'
HAVE_STDINT_H='1'
HAVE_STPCPY='1'
HAVE_STPNCPY='1'
HAVE_STRCASESTR='1'
HAVE_STRCHRNUL='1'
HAVE_STRPBRK='1'
HAVE_STRSEP='1'
HAVE_STRUCT_SIGACTION_SA_SIGACTION='1'
HAVE_STRVERSCMP='1'
HAVE_SYS_BITYPES_H=''
HAVE_SYS_INTTYPES_H=''
HAVE_SYS_TYPES_H='1'
HAVE_TYPE_VOLATILE_SIG_ATOMIC_T='1'
HAVE_UNSIGNED_LONG_LONG_INT='1'
HAVE_WCHAR_H='1'
HAVE_WCHAR_T='1'
HAVE_WINDOWS_FALSE=''
HAVE_WINDOWS_TRUE='#'
HAVE_x86_64_FALSE=''
HAVE_x86_64_TRUE='#'
INCLUDE_NEXT='include_next'
INCLUDE_NEXT_AS_FIRST_DIRECTIVE='include_next'
INSTALL_DATA='${INSTALL} -m 644'
INSTALL_PROGRAM='${INSTALL}'
INSTALL_SCRIPT='${INSTALL}'
INSTALL_STRIP_PROGRAM='$(install_sh) -c -s'
JANSSON_LIBS='compat/jansson-2.5/src/.libs/libjansson.a'
LD='/usr/bin/ld'
LDFLAGS=''
LIBCURL_CFLAGS=' '
LIBCURL_LIBS='-lcurl  '
LIBGNU_LIBDEPS=''
LIBGNU_LTLIBDEPS=''
LIBOBJS=''
LIBS='-lncurses -lpthread '
LIBTOOL='$(SHELL) $(top_builddir)/libtool'
LIBUSB_CFLAGS=''
LIBUSB_LIBS='compat/libusb-1.0/libusb/.libs/libusb-1.0.a -ludev'
LIPO=''
LN_S='ln -s'
LTLIBOBJS=''
MAINT='#'
MAINTAINER_MODE_FALSE=''
MAINTAINER_MODE_TRUE='#'
MAKEINFO='${SHELL} /home/pi/cgminer-4.3.3/missing makeinfo'
MANIFEST_TOOL=':'
MATH_LIBS='-lm'
MKDIR_P='/bin/mkdir -p'
MM_LIBS=''
NCURSES_LIBS=''
NEED_FPGAUTILS_FALSE='#'
NEED_FPGAUTILS_TRUE=''
NEXT_AS_FIRST_DIRECTIVE_SIGNAL_H='<signal.h>'
NEXT_AS_FIRST_DIRECTIVE_STDDEF_H=''
NEXT_AS_FIRST_DIRECTIVE_STDINT_H='<stdint.h>'
NEXT_AS_FIRST_DIRECTIVE_STRING_H='<string.h>'
NEXT_SIGNAL_H='<signal.h>'
NEXT_STDDEF_H=''
NEXT_STDINT_H='<stdint.h>'
NEXT_STRING_H='<string.h>'
NM='/usr/bin/nm -B'
NMEDIT=''
OBJDUMP='objdump'
OBJEXT='o'
OTOOL64=''
OTOOL=''
PACKAGE='cgminer'
PACKAGE_BUGREPORT='kernel@kolivas.org'
PACKAGE_NAME='cgminer'
PACKAGE_STRING='cgminer 4.3.3'
PACKAGE_TARNAME='cgminer'
PACKAGE_URL=''
PACKAGE_VERSION='4.3.3'
PATH_SEPARATOR=':'
PDCURSES_LIBS=''
PKG_CONFIG='/usr/bin/pkg-config'
PKG_CONFIG_LIBDIR=''
PKG_CONFIG_PATH=''
PRAGMA_COLUMNS=''
PRAGMA_SYSTEM_HEADER='#pragma GCC system_header'
PTHREAD_FLAGS='-lpthread'
PTHREAD_LIBS='-lpthread'
PTRDIFF_T_SUFFIX=''
RANLIB='ranlib'
REPLACE_MEMCHR='0'
REPLACE_MEMMEM='0'
REPLACE_NULL='0'
REPLACE_STPNCPY='0'
REPLACE_STRCASESTR='0'
REPLACE_STRCHRNUL='0'
REPLACE_STRDUP='0'
REPLACE_STRERROR='0'
REPLACE_STRERROR_R='0'
REPLACE_STRNCAT='0'
REPLACE_STRNDUP='0'
REPLACE_STRNLEN='0'
REPLACE_STRSIGNAL='0'
REPLACE_STRSTR='0'
REPLACE_STRTOK_R='0'
RT_LIBS='-lrt'
SED='/bin/sed'
SET_MAKE=''
SHELL='/bin/bash'
SIG_ATOMIC_T_SUFFIX=''
SIZE_T_SUFFIX=''
STDDEF_H=''
STDINT_H=''
STRIP='strip'
UNDEFINE_STRTOK_R='0'
VERSION='4.3.3'
VMAJ='4'
WANT_LIBBITFURY_FALSE=''
WANT_LIBBITFURY_TRUE='#'
WANT_STATIC_LIBUSB_FALSE='#'
WANT_STATIC_LIBUSB_TRUE=''
WANT_USBUTILS_FALSE='#'
WANT_USBUTILS_TRUE=''
WCHAR_T_SUFFIX=''
WINT_T_SUFFIX=''
WS2_LIBS=''
ac_ct_AR='ar'
ac_ct_CC='gcc'
ac_ct_DUMPBIN=''
am__EXEEXT_FALSE=''
am__EXEEXT_TRUE='#'
am__fastdepCC_FALSE='#'
am__fastdepCC_TRUE=''
am__include='include'
am__isrc=''
am__leading_dot='.'
am__nodep='_no'
am__quote=''
am__tar='$${TAR-tar} chof - "$$tardir"'
am__untar='$${TAR-tar} xf -'
bindir='${exec_prefix}/bin'
build='armv6l-unknown-linux-gnueabihf'
build_alias=''
build_cpu='armv6l'
build_os='linux-gnueabihf'
build_vendor='unknown'
datadir='${datarootdir}'
datarootdir='${prefix}/share'
docdir='${datarootdir}/doc/${PACKAGE_TARNAME}'
dvidir='${docdir}'
exec_prefix='${prefix}'
gl_LIBOBJS=''
gl_LTLIBOBJS=''
gltests_LIBOBJS=''
gltests_LTLIBOBJS=''
gltests_WITNESS='IN_CGMINER_GNULIB_TESTS'
host='armv6l-unknown-linux-gnueabihf'
host_alias=''
host_cpu='armv6l'
host_os='linux-gnueabihf'
host_vendor='unknown'
htmldir='${docdir}'
includedir='${prefix}/include'
infodir='${datarootdir}/info'
install_sh='${SHELL} /home/pi/cgminer-4.3.3/install-sh'
libdir='${exec_prefix}/lib'
libexecdir='${exec_prefix}/libexec'
localedir='${datarootdir}/locale'
localstatedir='${prefix}/var'
mandir='${datarootdir}/man'
mkdir_p='$(MKDIR_P)'
oldincludedir='/usr/include'
pdfdir='${docdir}'
prefix='/usr/local'
program_transform_name='s,x,x,'
psdir='${docdir}'
release_info=''
sbindir='${exec_prefix}/sbin'
sharedstatedir='${prefix}/com'
subdirs=' compat/libusb-1.0 compat/jansson-2.5'
sysconfdir='${prefix}/etc'
target='armv6l-unknown-linux-gnueabihf'
target_alias=''
target_cpu='armv6l'
target_os='linux-gnueabihf'
target_vendor='unknown'
version_info='7:3:3'

## ----------- ##
## confdefs.h. ##
## ----------- ##

/* confdefs.h */
#define PACKAGE_NAME "cgminer"
#define PACKAGE_TARNAME "cgminer"
#define PACKAGE_VERSION "4.3.3"
#define PACKAGE_STRING "cgminer 4.3.3"
#define PACKAGE_BUGREPORT "kernel@kolivas.org"
#define PACKAGE_URL ""
#define PACKAGE "cgminer"
#define VERSION "4.3.3"
#define STDC_HEADERS 1
#define HAVE_SYS_TYPES_H 1
#define HAVE_SYS_STAT_H 1
#define HAVE_STDLIB_H 1
#define HAVE_STRING_H 1
#define HAVE_MEMORY_H 1
#define HAVE_STRINGS_H 1
#define HAVE_INTTYPES_H 1
#define HAVE_STDINT_H 1
#define HAVE_UNISTD_H 1
#define __EXTENSIONS__ 1
#define _ALL_SOURCE 1
#define _GNU_SOURCE 1
#define _POSIX_PTHREAD_SEMANTICS 1
#define _TANDEM_SOURCE 1
#define CGMINER_MAJOR_VERSION 4
#define CGMINER_MINOR_VERSION 3
#define CGMINER_MINOR_SUBVERSION 3
#define HAVE_DLFCN_H 1
#define LT_OBJDIR ".libs/"
#define HAVE_SYS_MMAN_H 1
#define HAVE_WCHAR_H 1
#define HAVE_STDINT_H 1
#define HAVE_MPROTECT 1
#define HAVE_SIGACTION 1
#define HAVE_SIGALTSTACK 1
#define HAVE_SIGINTERRUPT 1
#define HAVE_MAP_ANONYMOUS 1
#define HAVE_DECL_MEMMEM 1
#define HAVE_MEMMEM 1
#define restrict __restrict
#define HAVE_WCHAR_T 1
#define HAVE_UNSIGNED_LONG_LONG_INT 1
#define HAVE_LONG_LONG_INT 1
#define HAVE_RAW_DECL_MEMMEM 1
#define HAVE_RAW_DECL_MEMPCPY 1
#define HAVE_RAW_DECL_MEMRCHR 1
#define HAVE_RAW_DECL_RAWMEMCHR 1
#define HAVE_RAW_DECL_STPCPY 1
#define HAVE_RAW_DECL_STPNCPY 1
#define HAVE_RAW_DECL_STRCHRNUL 1
#define HAVE_RAW_DECL_STRDUP 1
#define HAVE_RAW_DECL_STRNCAT 1
#define HAVE_RAW_DECL_STRNDUP 1
#define HAVE_RAW_DECL_STRNLEN 1
#define HAVE_RAW_DECL_STRPBRK 1
#define HAVE_RAW_DECL_STRSEP 1
#define HAVE_RAW_DECL_STRCASESTR 1
#define HAVE_RAW_DECL_STRTOK_R 1
#define HAVE_RAW_DECL_STRERROR_R 1
#define HAVE_RAW_DECL_STRSIGNAL 1
#define HAVE_RAW_DECL_STRVERSCMP 1
#define GNULIB_TEST_MEMCHR 1
#define HAVE_MEMMEM 1
#define GNULIB_TEST_MEMMEM 1
#define HAVE_STRUCT_SIGACTION_SA_SIGACTION 1
#define GNULIB_TEST_SIGACTION 1
#define HAVE_RAW_DECL_SIGACTION 1
#define HAVE_RAW_DECL_SIGADDSET 1
#define HAVE_RAW_DECL_SIGDELSET 1
#define HAVE_RAW_DECL_SIGEMPTYSET 1
#define HAVE_RAW_DECL_SIGFILLSET 1
#define HAVE_RAW_DECL_SIGISMEMBER 1
#define HAVE_RAW_DECL_SIGPENDING 1
#define HAVE_RAW_DECL_SIGPROCMASK 1
#define GNULIB_TEST_SIGPROCMASK 1
#define STDC_HEADERS 1
#define HAVE_SYSLOG_H 1
#define HAVE_ALLOCA_H 1
#define HAVE_ALLOCA 1
#define HAVE_LIBPTHREAD 1
#define USE_ICARUS 1
#define HAVE_CURSES 1
#define USE_USBUTILS 1
#define CURL_HAS_KEEPALIVE 1
#define HAVE_LIBCURL 1
#define EXECV_2ND_ARG_TYPE char* const*
#define HAVE_ATTRIBUTE_COLD 1
#define HAVE_ATTRIBUTE_CONST 1
#define HAVE_ATTRIBUTE_NORETURN 1
#define HAVE_ATTRIBUTE_PRINTF 1
#define HAVE_ATTRIBUTE_UNUSED 1
#define HAVE_ATTRIBUTE_USED 1
#define HAVE_BUILTIN_CONSTANT_P 1
#define HAVE_BUILTIN_TYPES_COMPATIBLE_P 1
#define HAVE_WARN_UNUSED_RESULT 1
#define CGMINER_PREFIX "/usr/local/bin"

configure: exit 0
