This file contains any messages produced by compilers while
running configure, to aid debugging if configure makes a mistake.

It was created by libusb configure 1.0.16-rc10, which was
generated by GNU Autoconf 2.69.  Invocation command line was

  $ ./configure --disable-option-checking --prefix=/usr/local --enable-icarus --cache-file=/dev/null --srcdir=.

## --------- ##
## Platform. ##
## --------- ##

hostname = raspberrypi
uname -m = armv6l
uname -r = 3.10.25+
uname -s = Linux
uname -v = #622 PREEMPT Fri Jan 3 18:41:00 GMT 2014

/usr/bin/uname -p = unknown
/bin/uname -X     = unknown

/bin/arch              = unknown
/usr/bin/arch -k       = unknown
/usr/convex/getsysinfo = unknown
/usr/bin/hostinfo      = unknown
/bin/machine           = unknown
/usr/bin/oslevel       = unknown
/bin/universe          = unknown

PATH: /root/bin
PATH: /usr/local/bin
PATH: /usr/local/sbin
PATH: /usr/local/bin
PATH: /usr/sbin
PATH: /usr/bin
PATH: /sbin
PATH: /bin
PATH: /usr/bin/X11


## ----------- ##
## Core tests. ##
## ----------- ##

configure:2403: checking for a BSD-compatible install
configure:2471: result: /usr/bin/install -c
configure:2482: checking whether build environment is sane
configure:2537: result: yes
configure:2688: checking for a thread-safe mkdir -p
configure:2727: result: /bin/mkdir -p
configure:2734: checking for gawk
configure:2764: result: no
configure:2734: checking for mawk
configure:2750: found /usr/bin/mawk
configure:2761: result: mawk
configure:2772: checking whether make sets $(MAKE)
configure:2794: result: yes
configure:2823: checking whether make supports nested variables
configure:2840: result: yes
configure:2925: checking whether to enable maintainer-specific portions of Makefiles
configure:2934: result: no
configure:2963: checking whether make supports nested variables
configure:2980: result: yes
configure:3041: checking for gcc
configure:3057: found /usr/bin/gcc
configure:3068: result: gcc
configure:3297: checking for C compiler version
configure:3306: gcc --version >&5
gcc (Debian 4.6.3-14+rpi1) 4.6.3
Copyright (C) 2011 Free Software Foundation, Inc.
This is free software; see the source for copying conditions.  There is NO
warranty; not even for MERCHANTABILITY or FITNESS FOR A PARTICULAR PURPOSE.

configure:3317: $? = 0
configure:3306: gcc -v >&5
Using built-in specs.
COLLECT_GCC=gcc
COLLECT_LTO_WRAPPER=/usr/lib/gcc/arm-linux-gnueabihf/4.6/lto-wrapper
Target: arm-linux-gnueabihf
Configured with: ../src/configure -v --with-pkgversion='Debian 4.6.3-14+rpi1' --with-bugurl=file:///usr/share/doc/gcc-4.6/README.Bugs --enable-languages=c,c++,fortran,objc,obj-c++ --prefix=/usr --program-suffix=-4.6 --enable-shared --enable-linker-build-id --with-system-zlib --libexecdir=/usr/lib --without-included-gettext --enable-threads=posix --with-gxx-include-dir=/usr/include/c++/4.6 --libdir=/usr/lib --enable-nls --with-sysroot=/ --enable-clocale=gnu --enable-libstdcxx-debug --enable-libstdcxx-time=yes --enable-gnu-unique-object --enable-plugin --enable-objc-gc --disable-sjlj-exceptions --with-arch=armv6 --with-fpu=vfp --with-float=hard --enable-checking=release --build=arm-linux-gnueabihf --host=arm-linux-gnueabihf --target=arm-linux-gnueabihf
Thread model: posix
gcc version 4.6.3 (Debian 4.6.3-14+rpi1) 
configure:3317: $? = 0
configure:3306: gcc -V >&5
gcc: error: unrecognized option '-V'
gcc: fatal error: no input files
compilation terminated.
configure:3317: $? = 4
configure:3306: gcc -qversion >&5
gcc: error: unrecognized option '-qversion'
gcc: fatal error: no input files
compilation terminated.
configure:3317: $? = 4
configure:3337: checking whether the C compiler works
configure:3359: gcc    conftest.c  >&5
configure:3363: $? = 0
configure:3411: result: yes
configure:3414: checking for C compiler default output file name
configure:3416: result: a.out
configure:3422: checking for suffix of executables
configure:3429: gcc -o conftest    conftest.c  >&5
configure:3433: $? = 0
configure:3455: result: 
configure:3477: checking whether we are cross compiling
configure:3485: gcc -o conftest    conftest.c  >&5
configure:3489: $? = 0
configure:3496: ./conftest
configure:3500: $? = 0
configure:3515: result: no
configure:3520: checking for suffix of object files
configure:3542: gcc -c   conftest.c >&5
configure:3546: $? = 0
configure:3567: result: o
configure:3571: checking whether we are using the GNU C compiler
configure:3590: gcc -c   conftest.c >&5
configure:3590: $? = 0
configure:3599: result: yes
configure:3608: checking whether gcc accepts -g
configure:3628: gcc -c -g  conftest.c >&5
configure:3628: $? = 0
configure:3669: result: yes
configure:3686: checking for gcc option to accept ISO C89
configure:3749: gcc  -c -g -O2  conftest.c >&5
configure:3749: $? = 0
configure:3762: result: none needed
configure:3793: checking for style of include used by make
configure:3821: result: GNU
configure:3847: checking dependency style of gcc
configure:3958: result: gcc3
configure:4002: checking build system type
configure:4016: result: armv6l-unknown-linux-gnueabihf
configure:4036: checking host system type
configure:4049: result: armv6l-unknown-linux-gnueabihf
configure:4090: checking how to print strings
configure:4117: result: printf
configure:4138: checking for a sed that does not truncate output
configure:4202: result: /bin/sed
configure:4220: checking for grep that handles long lines and -e
configure:4278: result: /bin/grep
configure:4283: checking for egrep
configure:4345: result: /bin/grep -E
configure:4350: checking for fgrep
configure:4412: result: /bin/grep -F
configure:4447: checking for ld used by gcc
configure:4514: result: /usr/bin/ld
configure:4521: checking if the linker (/usr/bin/ld) is GNU ld
configure:4536: result: yes
configure:4548: checking for BSD- or MS-compatible name lister (nm)
configure:4597: result: /usr/bin/nm -B
configure:4727: checking the name lister (/usr/bin/nm -B) interface
configure:4734: gcc -c -g -O2  conftest.c >&5
configure:4737: /usr/bin/nm -B "conftest.o"
configure:4740: output
00000000 B some_variable
configure:4747: result: BSD nm
configure:4750: checking whether ln -s works
configure:4754: result: yes
configure:4762: checking the maximum length of command line arguments
configure:4893: result: 1572864
configure:4910: checking whether the shell understands some XSI constructs
configure:4920: result: yes
configure:4924: checking whether the shell understands "+="
configure:4930: result: yes
configure:4965: checking how to convert armv6l-unknown-linux-gnueabihf file names to armv6l-unknown-linux-gnueabihf format
configure:5005: result: func_convert_file_noop
configure:5012: checking how to convert armv6l-unknown-linux-gnueabihf file names to toolchain format
configure:5032: result: func_convert_file_noop
configure:5039: checking for /usr/bin/ld option to reload object files
configure:5046: result: -r
configure:5120: checking for objdump
configure:5136: found /usr/bin/objdump
configure:5147: result: objdump
configure:5179: checking how to recognize dependent libraries
configure:5377: result: pass_all
configure:5462: checking for dlltool
configure:5492: result: no
configure:5522: checking how to associate runtime and link libraries
configure:5549: result: printf %s\n
configure:5610: checking for ar
configure:5626: found /usr/bin/ar
configure:5637: result: ar
configure:5674: checking for archiver @FILE support
configure:5691: gcc -c -g -O2  conftest.c >&5
configure:5691: $? = 0
configure:5694: ar cru libconftest.a @conftest.lst >&5
configure:5697: $? = 0
configure:5702: ar cru libconftest.a @conftest.lst >&5
ar: conftest.o: No such file or directory
configure:5705: $? = 1
configure:5717: result: @
configure:5775: checking for strip
configure:5791: found /usr/bin/strip
configure:5802: result: strip
configure:5874: checking for ranlib
configure:5890: found /usr/bin/ranlib
configure:5901: result: ranlib
configure:6003: checking command to parse /usr/bin/nm -B output from gcc object
configure:6123: gcc -c -g -O2  conftest.c >&5
configure:6126: $? = 0
configure:6130: /usr/bin/nm -B conftest.o \| sed -n -e 's/^.*[ ]\([ABCDGIRSTW][ABCDGIRSTW]*\)[ ][ ]*\([_A-Za-z][_A-Za-z0-9]*\)$/\1 \2 \2/p' | sed '/ __gnu_lto/d' \> conftest.nm
configure:6133: $? = 0
configure:6199: gcc -o conftest -g -O2   conftest.c conftstm.o >&5
configure:6202: $? = 0
configure:6240: result: ok
configure:6277: checking for sysroot
configure:6307: result: no
configure:6570: checking for mt
configure:6586: found /bin/mt
configure:6597: result: mt
configure:6620: checking if mt is a manifest tool
configure:6626: mt '-?'
configure:6634: result: no
configure:7276: checking how to run the C preprocessor
configure:7307: gcc -E  conftest.c
configure:7307: $? = 0
configure:7321: gcc -E  conftest.c
conftest.c:11:28: fatal error: ac_nonexistent.h: No such file or directory
compilation terminated.
configure:7321: $? = 1
configure: failed program was:
| /* confdefs.h */
| #define PACKAGE_NAME "libusb"
| #define PACKAGE_TARNAME "libusb"
| #define PACKAGE_VERSION "1.0.16-rc10"
| #define PACKAGE_STRING "libusb 1.0.16-rc10"
| #define PACKAGE_BUGREPORT "libusb-devel@lists.sourceforge.net"
| #define PACKAGE_URL "http://www.libusb.org/"
| #define PACKAGE "libusb"
| #define VERSION "1.0.16-rc10"
| /* end confdefs.h.  */
| #include <ac_nonexistent.h>
configure:7346: result: gcc -E
configure:7366: gcc -E  conftest.c
configure:7366: $? = 0
configure:7380: gcc -E  conftest.c
conftest.c:11:28: fatal error: ac_nonexistent.h: No such file or directory
compilation terminated.
configure:7380: $? = 1
configure: failed program was:
| /* confdefs.h */
| #define PACKAGE_NAME "libusb"
| #define PACKAGE_TARNAME "libusb"
| #define PACKAGE_VERSION "1.0.16-rc10"
| #define PACKAGE_STRING "libusb 1.0.16-rc10"
| #define PACKAGE_BUGREPORT "libusb-devel@lists.sourceforge.net"
| #define PACKAGE_URL "http://www.libusb.org/"
| #define PACKAGE "libusb"
| #define VERSION "1.0.16-rc10"
| /* end confdefs.h.  */
| #include <ac_nonexistent.h>
configure:7409: checking for ANSI C header files
configure:7429: gcc -c -g -O2  conftest.c >&5
configure:7429: $? = 0
configure:7502: gcc -o conftest -g -O2   conftest.c  >&5
configure:7502: $? = 0
configure:7502: ./conftest
configure:7502: $? = 0
configure:7513: result: yes
configure:7526: checking for sys/types.h
configure:7526: gcc -c -g -O2  conftest.c >&5
configure:7526: $? = 0
configure:7526: result: yes
configure:7526: checking for sys/stat.h
configure:7526: gcc -c -g -O2  conftest.c >&5
configure:7526: $? = 0
configure:7526: result: yes
configure:7526: checking for stdlib.h
configure:7526: gcc -c -g -O2  conftest.c >&5
configure:7526: $? = 0
configure:7526: result: yes
configure:7526: checking for string.h
configure:7526: gcc -c -g -O2  conftest.c >&5
configure:7526: $? = 0
configure:7526: result: yes
configure:7526: checking for memory.h
configure:7526: gcc -c -g -O2  conftest.c >&5
configure:7526: $? = 0
configure:7526: result: yes
configure:7526: checking for strings.h
configure:7526: gcc -c -g -O2  conftest.c >&5
configure:7526: $? = 0
configure:7526: result: yes
configure:7526: checking for inttypes.h
configure:7526: gcc -c -g -O2  conftest.c >&5
configure:7526: $? = 0
configure:7526: result: yes
configure:7526: checking for stdint.h
configure:7526: gcc -c -g -O2  conftest.c >&5
configure:7526: $? = 0
configure:7526: result: yes
configure:7526: checking for unistd.h
configure:7526: gcc -c -g -O2  conftest.c >&5
configure:7526: $? = 0
configure:7526: result: yes
configure:7540: checking for dlfcn.h
configure:7540: gcc -c -g -O2  conftest.c >&5
configure:7540: $? = 0
configure:7540: result: yes
configure:7746: checking for objdir
configure:7761: result: .libs
configure:8032: checking if gcc supports -fno-rtti -fno-exceptions
configure:8050: gcc -c -g -O2  -fno-rtti -fno-exceptions conftest.c >&5
cc1: warning: command line option '-fno-rtti' is valid for C++/ObjC++ but not for C [enabled by default]
configure:8054: $? = 0
configure:8067: result: no
configure:8394: checking for gcc option to produce PIC
configure:8401: result: -fPIC -DPIC
configure:8409: checking if gcc PIC flag -fPIC -DPIC works
configure:8427: gcc -c -g -O2  -fPIC -DPIC -DPIC conftest.c >&5
configure:8431: $? = 0
configure:8444: result: yes
configure:8473: checking if gcc static flag -static works
configure:8501: result: yes
configure:8516: checking if gcc supports -c -o file.o
configure:8537: gcc -c -g -O2  -o out/conftest2.o conftest.c >&5
configure:8541: $? = 0
configure:8563: result: yes
configure:8571: checking if gcc supports -c -o file.o
configure:8618: result: yes
configure:8651: checking whether the gcc linker (/usr/bin/ld) supports shared libraries
configure:9808: result: yes
configure:9845: checking whether -lc should be explicitly linked in
configure:9853: gcc -c -g -O2  conftest.c >&5
configure:9856: $? = 0
configure:9871: gcc -shared  -fPIC -DPIC conftest.o  -v -Wl,-soname -Wl,conftest -o conftest 2\>\&1 \| /bin/grep  -lc  \>/dev/null 2\>\&1
configure:9874: $? = 0
configure:9888: result: no
configure:10048: checking dynamic linker characteristics
configure:10548: gcc -o conftest -g -O2   -Wl,-rpath -Wl,/foo conftest.c  >&5
configure:10548: $? = 0
configure:10782: result: GNU/Linux ld.so
configure:10889: checking how to hardcode library paths into programs
configure:10914: result: immediate
configure:11454: checking whether stripping libraries is possible
configure:11459: result: yes
configure:11494: checking if libtool supports shared libraries
configure:11496: result: yes
configure:11499: checking whether to build shared libraries
configure:11520: result: yes
configure:11523: checking whether to build static libraries
configure:11527: result: yes
configure:11607: checking for windres
configure:11637: result: no
configure:11741: checking for inline
configure:11757: gcc -c -g -O2  conftest.c >&5
configure:11757: $? = 0
configure:11765: result: inline
configure:11784: checking whether gcc and cc understand -c and -o together
configure:11815: gcc -c conftest.c -o conftest2.o >&5
configure:11819: $? = 0
configure:11825: gcc -c conftest.c -o conftest2.o >&5
configure:11829: $? = 0
configure:11840: cc -c conftest.c >&5
configure:11844: $? = 0
configure:11852: cc -c conftest.c -o conftest2.o >&5
configure:11856: $? = 0
configure:11862: cc -c conftest.c -o conftest2.o >&5
configure:11866: $? = 0
configure:11884: result: yes
configure:11915: checking operating system
configure:11919: result: Linux
configure:11958: checking for clock_gettime in -lrt
configure:11983: gcc -o conftest -g -O2   conftest.c -lrt   >&5
configure:11983: $? = 0
configure:11992: result: yes
configure:12009: checking libudev.h usability
configure:12009: gcc -c -g -O2  conftest.c >&5
configure:12009: $? = 0
configure:12009: result: yes
configure:12009: checking libudev.h presence
configure:12009: gcc -E  conftest.c
configure:12009: $? = 0
configure:12009: result: yes
configure:12009: checking for libudev.h
configure:12009: result: yes
configure:12021: checking for udev_new in -ludev
configure:12046: gcc -o conftest -g -O2   conftest.c -ludev   >&5
configure:12046: $? = 0
configure:12055: result: yes
configure:12094: checking poll.h usability
configure:12094: gcc -c -g -O2  conftest.c >&5
configure:12094: $? = 0
configure:12094: result: yes
configure:12094: checking poll.h presence
configure:12094: gcc -E  conftest.c
configure:12094: $? = 0
configure:12094: result: yes
configure:12094: checking for poll.h
configure:12094: result: yes
configure:12234: checking sys/timerfd.h usability
configure:12234: gcc -c -g -O2  conftest.c >&5
configure:12234: $? = 0
configure:12234: result: yes
configure:12234: checking sys/timerfd.h presence
configure:12234: gcc -E  conftest.c
configure:12234: $? = 0
configure:12234: result: yes
configure:12234: checking for sys/timerfd.h
configure:12234: result: yes
configure:12254: checking whether TFD_NONBLOCK is declared
configure:12254: gcc -c -g -O2  conftest.c >&5
configure:12254: $? = 0
configure:12254: result: yes
configure:12266: checking whether to use timerfd for timing
configure:12273: result: yes
configure:12284: checking for struct timespec
configure:12284: gcc -c -g -O2  conftest.c >&5
configure:12284: $? = 0
configure:12284: gcc -c -g -O2  conftest.c >&5
conftest.c: In function 'main':
conftest.c:68:30: error: expected expression before ')' token
configure:12284: $? = 1
configure: failed program was:
| /* confdefs.h */
| #define PACKAGE_NAME "libusb"
| #define PACKAGE_TARNAME "libusb"
| #define PACKAGE_VERSION "1.0.16-rc10"
| #define PACKAGE_STRING "libusb 1.0.16-rc10"
| #define PACKAGE_BUGREPORT "libusb-devel@lists.sourceforge.net"
| #define PACKAGE_URL "http://www.libusb.org/"
| #define PACKAGE "libusb"
| #define VERSION "1.0.16-rc10"
| #define STDC_HEADERS 1
| #define HAVE_SYS_TYPES_H 1
| #define HAVE_SYS_STAT_H 1
| #define HAVE_STDLIB_H 1
| #define HAVE_STRING_H 1
| #define HAVE_MEMORY_H 1
| #define HAVE_STRINGS_H 1
| #define HAVE_INTTYPES_H 1
| #define HAVE_STDINT_H 1
| #define HAVE_UNISTD_H 1
| #define HAVE_DLFCN_H 1
| #define LT_OBJDIR ".libs/"
| #define _GNU_SOURCE 1
| #define OS_LINUX 1
| #define HAVE_LIBUDEV_H 1
| #define HAVE_LIBUDEV 1
| #define USE_UDEV 1
| #define HAVE_POLL_H 1
| #define POLL_NFDS_TYPE nfds_t
| #define THREADS_POSIX 1
| #define USBI_TIMERFD_AVAILABLE 1
| /* end confdefs.h.  */
| #include <stdio.h>
| #ifdef HAVE_SYS_TYPES_H
| # include <sys/types.h>
| #endif
| #ifdef HAVE_SYS_STAT_H
| # include <sys/stat.h>
| #endif
| #ifdef STDC_HEADERS
| # include <stdlib.h>
| # include <stddef.h>
| #else
| # ifdef HAVE_STDLIB_H
| #  include <stdlib.h>
| # endif
| #endif
| #ifdef HAVE_STRING_H
| # if !defined STDC_HEADERS && defined HAVE_MEMORY_H
| #  include <memory.h>
| # endif
| # include <string.h>
| #endif
| #ifdef HAVE_STRINGS_H
| # include <strings.h>
| #endif
| #ifdef HAVE_INTTYPES_H
| # include <inttypes.h>
| #endif
| #ifdef HAVE_STDINT_H
| # include <stdint.h>
| #endif
| #ifdef HAVE_UNISTD_H
| # include <unistd.h>
| #endif
| int
| main ()
| {
| if (sizeof ((struct timespec)))
| 	    return 0;
|   ;
|   return 0;
| }
configure:12284: result: yes
configure:12354: gcc -c -g -O2 -Werror -fvisibility=hidden  conftest.c >&5
configure:12354: $? = 0
configure:12382: gcc -c -g -O2 -Wno-pointer-sign  conftest.c >&5
configure:12382: $? = 0
configure:12391: checking for sigaction
configure:12391: gcc -o conftest -g -O2   conftest.c -ludev  -pthread >&5
configure:12391: $? = 0
configure:12391: result: yes
configure:12410: checking sys/time.h usability
configure:12410: gcc -c -g -O2  conftest.c >&5
configure:12410: $? = 0
configure:12410: result: yes
configure:12410: checking sys/time.h presence
configure:12410: gcc -E  conftest.c
configure:12410: $? = 0
configure:12410: result: yes
configure:12410: checking for sys/time.h
configure:12410: result: yes
configure:12422: checking for gettimeofday
configure:12422: gcc -o conftest -g -O2   conftest.c -ludev  -pthread >&5
configure:12422: $? = 0
configure:12422: result: yes
configure:12552: checking that generated files are newer than configure
configure:12558: result: done
configure:12617: creating ./config.status

## ---------------------- ##
## Running config.status. ##
## ---------------------- ##

This file was extended by libusb config.status 1.0.16-rc10, which was
generated by GNU Autoconf 2.69.  Invocation command line was

  CONFIG_FILES    = 
  CONFIG_HEADERS  = 
  CONFIG_LINKS    = 
  CONFIG_COMMANDS = 
  $ ./config.status 

on raspberrypi

config.status:1168: creating libusb-1.0.pc
config.status:1168: creating Makefile
config.status:1168: creating libusb/Makefile
config.status:1168: creating config.h
config.status:1397: executing depfiles commands
config.status:1397: executing libtool commands

## ---------------- ##
## Cache variables. ##
## ---------------- ##

ac_cv_build=armv6l-unknown-linux-gnueabihf
ac_cv_c_compiler_gnu=yes
ac_cv_c_inline=inline
ac_cv_env_CC_set=
ac_cv_env_CC_value=
ac_cv_env_CFLAGS_set=
ac_cv_env_CFLAGS_value=
ac_cv_env_CPPFLAGS_set=
ac_cv_env_CPPFLAGS_value=
ac_cv_env_CPP_set=
ac_cv_env_CPP_value=
ac_cv_env_LDFLAGS_set=
ac_cv_env_LDFLAGS_value=
ac_cv_env_LIBS_set=
ac_cv_env_LIBS_value=
ac_cv_env_build_alias_set=
ac_cv_env_build_alias_value=
ac_cv_env_host_alias_set=
ac_cv_env_host_alias_value=
ac_cv_env_target_alias_set=
ac_cv_env_target_alias_value=
ac_cv_func_gettimeofday=yes
ac_cv_func_sigaction=yes
ac_cv_have_decl_TFD_NONBLOCK=yes
ac_cv_header_dlfcn_h=yes
ac_cv_header_inttypes_h=yes
ac_cv_header_libudev_h=yes
ac_cv_header_memory_h=yes
ac_cv_header_poll_h=yes
ac_cv_header_stdc=yes
ac_cv_header_stdint_h=yes
ac_cv_header_stdlib_h=yes
ac_cv_header_string_h=yes
ac_cv_header_strings_h=yes
ac_cv_header_sys_stat_h=yes
ac_cv_header_sys_time_h=yes
ac_cv_header_sys_timerfd_h=yes
ac_cv_header_sys_types_h=yes
ac_cv_header_unistd_h=yes
ac_cv_host=armv6l-unknown-linux-gnueabihf
ac_cv_lib_rt_clock_gettime=yes
ac_cv_lib_udev_udev_new=yes
ac_cv_objext=o
ac_cv_path_EGREP='/bin/grep -E'
ac_cv_path_FGREP='/bin/grep -F'
ac_cv_path_GREP=/bin/grep
ac_cv_path_SED=/bin/sed
ac_cv_path_install='/usr/bin/install -c'
ac_cv_path_mkdir=/bin/mkdir
ac_cv_prog_AWK=mawk
ac_cv_prog_CPP='gcc -E'
ac_cv_prog_ac_ct_AR=ar
ac_cv_prog_ac_ct_CC=gcc
ac_cv_prog_ac_ct_MANIFEST_TOOL=mt
ac_cv_prog_ac_ct_OBJDUMP=objdump
ac_cv_prog_ac_ct_RANLIB=ranlib
ac_cv_prog_ac_ct_STRIP=strip
ac_cv_prog_cc_c89=
ac_cv_prog_cc_g=yes
ac_cv_prog_cc_gcc_c_o=yes
ac_cv_prog_make_make_set=yes
ac_cv_type_struct_timespec=yes
am_cv_CC_dependencies_compiler_type=gcc3
am_cv_make_support_nested_variables=yes
lt_cv_ar_at_file=@
lt_cv_archive_cmds_need_lc=no
lt_cv_deplibs_check_method=pass_all
lt_cv_file_magic_cmd='$MAGIC_CMD'
lt_cv_file_magic_test_file=
lt_cv_ld_reload_flag=-r
lt_cv_nm_interface='BSD nm'
lt_cv_objdir=.libs
lt_cv_path_LD=/usr/bin/ld
lt_cv_path_NM='/usr/bin/nm -B'
lt_cv_path_mainfest_tool=no
lt_cv_prog_compiler_c_o=yes
lt_cv_prog_compiler_c_o_RC=yes
lt_cv_prog_compiler_pic='-fPIC -DPIC'
lt_cv_prog_compiler_pic_works=yes
lt_cv_prog_compiler_rtti_exceptions=no
lt_cv_prog_compiler_static_works=yes
lt_cv_prog_gnu_ld=yes
lt_cv_sharedlib_from_linklib_cmd='printf %s\n'
lt_cv_shlibpath_overrides_runpath=no
lt_cv_sys_global_symbol_pipe='sed -n -e '\''s/^.*[	 ]\([ABCDGIRSTW][ABCDGIRSTW]*\)[	 ][	 ]*\([_A-Za-z][_A-Za-z0-9]*\)$/\1 \2 \2/p'\'' | sed '\''/ __gnu_lto/d'\'''
lt_cv_sys_global_symbol_to_c_name_address='sed -n -e '\''s/^: \([^ ]*\)[ ]*$/  {\"\1\", (void *) 0},/p'\'' -e '\''s/^[ABCDGIRSTW]* \([^ ]*\) \([^ ]*\)$/  {"\2", (void *) \&\2},/p'\'''
lt_cv_sys_global_symbol_to_c_name_address_lib_prefix='sed -n -e '\''s/^: \([^ ]*\)[ ]*$/  {\"\1\", (void *) 0},/p'\'' -e '\''s/^[ABCDGIRSTW]* \([^ ]*\) \(lib[^ ]*\)$/  {"\2", (void *) \&\2},/p'\'' -e '\''s/^[ABCDGIRSTW]* \([^ ]*\) \([^ ]*\)$/  {"lib\2", (void *) \&\2},/p'\'''
lt_cv_sys_global_symbol_to_cdecl='sed -n -e '\''s/^T .* \(.*\)$/extern int \1();/p'\'' -e '\''s/^[ABCDGIRSTW]* .* \(.*\)$/extern char \1;/p'\'''
lt_cv_sys_max_cmd_len=1572864
lt_cv_to_host_file_cmd=func_convert_file_noop
lt_cv_to_tool_file_cmd=func_convert_file_noop

## ----------------- ##
## Output variables. ##
## ----------------- ##

ACLOCAL='${SHELL} /home/pi/cgminer-4.3.3/compat/libusb-1.0/missing aclocal-1.13'
AMDEPBACKSLASH='\'
AMDEP_FALSE='#'
AMDEP_TRUE=''
AMTAR='$${TAR-tar}'
AM_BACKSLASH='\'
AM_CFLAGS='-std=gnu99 -Wall -Wundef -Wunused -Wstrict-prototypes -Werror-implicit-function-declaration -Wno-pointer-sign -Wshadow -pthread -fvisibility=hidden'
AM_DEFAULT_V='$(AM_DEFAULT_VERBOSITY)'
AM_DEFAULT_VERBOSITY='0'
AM_V='$(V)'
AR='ar'
AUTOCONF='${SHELL} /home/pi/cgminer-4.3.3/compat/libusb-1.0/missing autoconf'
AUTOHEADER='${SHELL} /home/pi/cgminer-4.3.3/compat/libusb-1.0/missing autoheader'
AUTOMAKE='${SHELL} /home/pi/cgminer-4.3.3/compat/libusb-1.0/missing automake-1.13'
AWK='mawk'
BUILD_EXAMPLES_FALSE=''
BUILD_EXAMPLES_TRUE='#'
CC='gcc'
CCDEPMODE='depmode=gcc3'
CFLAGS='-g -O2'
CPP='gcc -E'
CPPFLAGS=''
CYGPATH_W='echo'
DEFS='-DHAVE_CONFIG_H'
DEPDIR='.deps'
DLLTOOL='false'
DSYMUTIL=''
DUMPBIN=''
ECHO_C=''
ECHO_N='-n'
ECHO_T=''
EGREP='/bin/grep -E'
EXEEXT=''
FGREP='/bin/grep -F'
GREP='/bin/grep'
HAVE_SIGACTION_FALSE='#'
HAVE_SIGACTION_TRUE=''
INSTALL_DATA='${INSTALL} -m 644'
INSTALL_PROGRAM='${INSTALL}'
INSTALL_SCRIPT='${INSTALL}'
INSTALL_STRIP_PROGRAM='$(install_sh) -c -s'
LD='/usr/bin/ld'
LDFLAGS=''
LIBOBJS=''
LIBS='-ludev  -pthread'
LIBTOOL='$(SHELL) $(top_builddir)/libtool'
LIPO=''
LN_S='ln -s'
LTLDFLAGS='-version-info 2:0:0 -no-undefined'
LTLIBOBJS=''
MAINT='#'
MAINTAINER_MODE_FALSE=''
MAINTAINER_MODE_TRUE='#'
MAKEINFO='${SHELL} /home/pi/cgminer-4.3.3/compat/libusb-1.0/missing makeinfo'
MANIFEST_TOOL=':'
MKDIR_P='/bin/mkdir -p'
NM='/usr/bin/nm -B'
NMEDIT=''
OBJDUMP='objdump'
OBJEXT='o'
OS_DARWIN=''
OS_DARWIN_FALSE=''
OS_DARWIN_TRUE='#'
OS_LINUX=''
OS_LINUX_FALSE='#'
OS_LINUX_TRUE=''
OS_OPENBSD=''
OS_OPENBSD_FALSE=''
OS_OPENBSD_TRUE='#'
OS_WINDOWS=''
OS_WINDOWS_FALSE=''
OS_WINDOWS_TRUE='#'
OTOOL64=''
OTOOL=''
PACKAGE='libusb'
PACKAGE_BUGREPORT='libusb-devel@lists.sourceforge.net'
PACKAGE_NAME='libusb'
PACKAGE_STRING='libusb 1.0.16-rc10'
PACKAGE_TARNAME='libusb'
PACKAGE_URL='http://www.libusb.org/'
PACKAGE_VERSION='1.0.16-rc10'
PATH_SEPARATOR=':'
RANLIB='ranlib'
RC=''
SED='/bin/sed'
SET_MAKE=''
SHELL='/bin/bash'
STRIP='strip'
THREADS_POSIX_FALSE='#'
THREADS_POSIX_TRUE=''
USE_UDEV=''
USE_UDEV_FALSE='#'
USE_UDEV_TRUE=''
VERSION='1.0.16-rc10'
ac_ct_AR='ar'
ac_ct_CC='gcc'
ac_ct_DUMPBIN=''
am__EXEEXT_FALSE=''
am__EXEEXT_TRUE='#'
am__fastdepCC_FALSE='#'
am__fastdepCC_TRUE=''
am__include='include'
am__isrc=''
am__leading_dot='.'
am__nodep='_no'
am__quote=''
am__tar='$${TAR-tar} chof - "$$tardir"'
am__untar='$${TAR-tar} xf -'
bindir='${exec_prefix}/bin'
build='armv6l-unknown-linux-gnueabihf'
build_alias=''
build_cpu='armv6l'
build_os='linux-gnueabihf'
build_vendor='unknown'
datadir='${datarootdir}'
datarootdir='${prefix}/share'
docdir='${datarootdir}/doc/${PACKAGE_TARNAME}'
dvidir='${docdir}'
exec_prefix='${prefix}'
host='armv6l-unknown-linux-gnueabihf'
host_alias=''
host_cpu='armv6l'
host_os='linux-gnueabihf'
host_vendor='unknown'
htmldir='${docdir}'
includedir='${prefix}/include'
infodir='${datarootdir}/info'
install_sh='${SHELL} /home/pi/cgminer-4.3.3/compat/libusb-1.0/install-sh'
libdir='${exec_prefix}/lib'
libexecdir='${exec_prefix}/libexec'
localedir='${datarootdir}/locale'
localstatedir='${prefix}/var'
mandir='${datarootdir}/man'
mkdir_p='$(MKDIR_P)'
oldincludedir='/usr/include'
pdfdir='${docdir}'
prefix='/usr/local'
program_transform_name='s,x,x,'
psdir='${docdir}'
sbindir='${exec_prefix}/sbin'
sharedstatedir='${prefix}/com'
sysconfdir='${prefix}/etc'
target_alias=''

## ----------- ##
## confdefs.h. ##
## ----------- ##

/* confdefs.h */
#define PACKAGE_NAME "libusb"
#define PACKAGE_TARNAME "libusb"
#define PACKAGE_VERSION "1.0.16-rc10"
#define PACKAGE_STRING "libusb 1.0.16-rc10"
#define PACKAGE_BUGREPORT "libusb-devel@lists.sourceforge.net"
#define PACKAGE_URL "http://www.libusb.org/"
#define PACKAGE "libusb"
#define VERSION "1.0.16-rc10"
#define STDC_HEADERS 1
#define HAVE_SYS_TYPES_H 1
#define HAVE_SYS_STAT_H 1
#define HAVE_STDLIB_H 1
#define HAVE_STRING_H 1
#define HAVE_MEMORY_H 1
#define HAVE_STRINGS_H 1
#define HAVE_INTTYPES_H 1
#define HAVE_STDINT_H 1
#define HAVE_UNISTD_H 1
#define HAVE_DLFCN_H 1
#define LT_OBJDIR ".libs/"
#define _GNU_SOURCE 1
#define OS_LINUX 1
#define HAVE_LIBUDEV_H 1
#define HAVE_LIBUDEV 1
#define USE_UDEV 1
#define HAVE_POLL_H 1
#define POLL_NFDS_TYPE nfds_t
#define THREADS_POSIX 1
#define USBI_TIMERFD_AVAILABLE 1
#define HAVE_STRUCT_TIMESPEC 1
#define ENABLE_LOGGING 1
#define DEFAULT_VISIBILITY __attribute__((visibility("default")))
#define HAVE_SYS_TIME_H 1
#define HAVE_GETTIMEOFDAY 1

configure: exit 0
